[ 2013-04-03T04:48:56+00:00 ] /trunk/index.php?app=Member&mod=Member&act=index | NOTIC: [2048] Declaration of XdataModel::save() should be compatible with that of Model::save() XdataModel.class.php 第 0 行.
[ 2013-04-03T04:48:56+00:00 ] /trunk/index.php?app=Member&mod=Member&act=index | NOTIC: [8] Undefined index: banip App.class.php 第 493 行.
[ 2013-04-03T12:48:56+08:00 ] /trunk/index.php?app=Member&mod=Member&act=index | SQL:  RunTime:0.010689s SQL = SHOW COLUMNS FROM ts_member
[ 2013-04-03T12:48:56+08:00 ] /trunk/index.php?app=Member&mod=Member&act=index | SQL:  RunTime:0.017411s SQL = SELECT COUNT(id) AS tp_count FROM `ts_member` LIMIT 1 
[ 2013-04-03T12:48:56+08:00 ] /trunk/index.php?app=Member&mod=Member&act=index | NOTIC: [8] Undefined variable: list 27e93efa9cc9d68081dcbff867a0ac25.php 第 17 行.
[ 2013-04-03T12:48:56+08:00 ] /trunk/index.php?app=Member&mod=Member&act=index | NOTIC: [8] Undefined variable: page 27e93efa9cc9d68081dcbff867a0ac25.php 第 29 行.
[ 2013-04-03T04:52:32+00:00 ] /trunk/index.php?app=Member&mod=Member&act=index | NOTIC: [2048] Declaration of XdataModel::save() should be compatible with that of Model::save() XdataModel.class.php 第 0 行.
[ 2013-04-03T04:52:32+00:00 ] /trunk/index.php?app=Member&mod=Member&act=index | NOTIC: [8] Undefined index: banip App.class.php 第 493 行.
[ 2013-04-03T12:52:32+08:00 ] /trunk/index.php?app=Member&mod=Member&act=index | SQL:  RunTime:0.004571s SQL = SHOW COLUMNS FROM ts_member
[ 2013-04-03T12:52:32+08:00 ] /trunk/index.php?app=Member&mod=Member&act=index | SQL:  RunTime:0.001449s SQL = SELECT COUNT(id) AS tp_count FROM `ts_member` LIMIT 1 
[ 2013-04-03T12:52:32+08:00 ] /trunk/index.php?app=Member&mod=Member&act=index | NOTIC: [8] Undefined variable: list 27e93efa9cc9d68081dcbff867a0ac25.php 第 17 行.
[ 2013-04-03T12:52:32+08:00 ] /trunk/index.php?app=Member&mod=Member&act=index | NOTIC: [8] Undefined variable: page 27e93efa9cc9d68081dcbff867a0ac25.php 第 29 行.
[ 2013-04-03T04:52:34+00:00 ] /trunk/index.php?app=Member&mod=Member&act=index | NOTIC: [2048] Declaration of XdataModel::save() should be compatible with that of Model::save() XdataModel.class.php 第 0 行.
[ 2013-04-03T04:52:34+00:00 ] /trunk/index.php?app=Member&mod=Member&act=index | NOTIC: [8] Undefined index: banip App.class.php 第 493 行.
[ 2013-04-03T12:52:34+08:00 ] /trunk/index.php?app=Member&mod=Member&act=index | SQL:  RunTime:0.004159s SQL = SHOW COLUMNS FROM ts_member
[ 2013-04-03T12:52:34+08:00 ] /trunk/index.php?app=Member&mod=Member&act=index | SQL:  RunTime:0.001094s SQL = SELECT COUNT(id) AS tp_count FROM `ts_member` LIMIT 1 
[ 2013-04-03T12:52:34+08:00 ] /trunk/index.php?app=Member&mod=Member&act=index | NOTIC: [8] Undefined variable: list 27e93efa9cc9d68081dcbff867a0ac25.php 第 17 行.
[ 2013-04-03T12:52:34+08:00 ] /trunk/index.php?app=Member&mod=Member&act=index | NOTIC: [8] Undefined variable: page 27e93efa9cc9d68081dcbff867a0ac25.php 第 29 行.
[ 2013-04-03T04:52:54+00:00 ] /trunk/index.php?app=Member&mod=Member&act=index | NOTIC: [2048] Declaration of XdataModel::save() should be compatible with that of Model::save() XdataModel.class.php 第 0 行.
[ 2013-04-03T04:52:54+00:00 ] /trunk/index.php?app=Member&mod=Member&act=index | NOTIC: [8] Undefined index: banip App.class.php 第 493 行.
[ 2013-04-03T12:52:54+08:00 ] /trunk/index.php?app=Member&mod=Member&act=index | SQL:  RunTime:0.006212s SQL = SHOW COLUMNS FROM ts_member
[ 2013-04-03T12:52:54+08:00 ] /trunk/index.php?app=Member&mod=Member&act=index | SQL:  RunTime:0.001376s SQL = SELECT COUNT(id) AS tp_count FROM `ts_member` LIMIT 1 
[ 2013-04-03T12:52:54+08:00 ] /trunk/index.php?app=Member&mod=Member&act=index | NOTIC: [8] Undefined variable: list 27e93efa9cc9d68081dcbff867a0ac25.php 第 17 行.
[ 2013-04-03T12:52:54+08:00 ] /trunk/index.php?app=Member&mod=Member&act=index | NOTIC: [8] Undefined variable: page 27e93efa9cc9d68081dcbff867a0ac25.php 第 29 行.
[ 2013-04-03T04:53:20+00:00 ] /trunk/index.php?app=Member&mod=Member&act=index | NOTIC: [2048] Declaration of XdataModel::save() should be compatible with that of Model::save() XdataModel.class.php 第 0 行.
[ 2013-04-03T04:53:20+00:00 ] /trunk/index.php?app=Member&mod=Member&act=index | NOTIC: [8] Undefined index: banip App.class.php 第 493 行.
[ 2013-04-03T12:53:20+08:00 ] /trunk/index.php?app=Member&mod=Member&act=index | SQL:  RunTime:0.005163s SQL = SHOW COLUMNS FROM ts_member
[ 2013-04-03T12:53:20+08:00 ] /trunk/index.php?app=Member&mod=Member&act=index | SQL:  RunTime:0.001438s SQL = SELECT COUNT(id) AS tp_count FROM `ts_member` LIMIT 1 
[ 2013-04-03T12:53:20+08:00 ] /trunk/index.php?app=Member&mod=Member&act=index | NOTIC: [8] Undefined variable: taglibs ThinkTemplate.class.php 第 254 行.
[ 2013-04-03T12:53:20+08:00 ] /trunk/index.php?app=Member&mod=Member&act=index | NOTIC: [2] Invalid argument supplied for foreach() ThinkTemplate.class.php 第 254 行.
[ 2013-04-03T12:53:20+08:00 ] /trunk/index.php?app=Member&mod=Member&act=index | NOTIC: [8] Undefined variable: taglibs ThinkTemplate.class.php 第 254 行.
[ 2013-04-03T12:53:20+08:00 ] /trunk/index.php?app=Member&mod=Member&act=index | NOTIC: [2] Invalid argument supplied for foreach() ThinkTemplate.class.php 第 254 行.
[ 2013-04-03T12:53:20+08:00 ] /trunk/index.php?app=Member&mod=Member&act=index | NOTIC: [8] Undefined variable: list 27e93efa9cc9d68081dcbff867a0ac25.php 第 16 行.
[ 2013-04-03T12:53:20+08:00 ] /trunk/index.php?app=Member&mod=Member&act=index | NOTIC: [8] Undefined variable: page 27e93efa9cc9d68081dcbff867a0ac25.php 第 28 行.
[ 2013-04-03T06:21:30+00:00 ] /trunk/index.php?app=Member&mod=Member&act=index | NOTIC: [2048] Declaration of XdataModel::save() should be compatible with that of Model::save() XdataModel.class.php 第 0 行.
[ 2013-04-03T06:21:30+00:00 ] /trunk/index.php?app=Member&mod=Member&act=index | NOTIC: [8] Undefined index: banip App.class.php 第 493 行.
[ 2013-04-03T14:21:30+08:00 ] /trunk/index.php?app=Member&mod=Member&act=index | SQL:  RunTime:0.004155s SQL = SHOW COLUMNS FROM ts_member
[ 2013-04-03T14:21:30+08:00 ] /trunk/index.php?app=Member&mod=Member&act=index | SQL:  RunTime:0.001417s SQL = SELECT COUNT(id) AS tp_count FROM `ts_member` LIMIT 1 
[ 2013-04-03T14:21:30+08:00 ] /trunk/index.php?app=Member&mod=Member&act=index | NOTIC: [8] Undefined variable: list 27e93efa9cc9d68081dcbff867a0ac25.php 第 16 行.
[ 2013-04-03T14:21:30+08:00 ] /trunk/index.php?app=Member&mod=Member&act=index | NOTIC: [8] Undefined variable: page 27e93efa9cc9d68081dcbff867a0ac25.php 第 28 行.
[ 2013-04-03T06:21:31+00:00 ] /trunk/index.php?app=Member&mod=Member&act=index | NOTIC: [2048] Declaration of XdataModel::save() should be compatible with that of Model::save() XdataModel.class.php 第 0 行.
[ 2013-04-03T06:21:31+00:00 ] /trunk/index.php?app=Member&mod=Member&act=index | NOTIC: [8] Undefined index: banip App.class.php 第 493 行.
[ 2013-04-03T14:21:31+08:00 ] /trunk/index.php?app=Member&mod=Member&act=index | SQL:  RunTime:0.004656s SQL = SHOW COLUMNS FROM ts_member
[ 2013-04-03T14:21:31+08:00 ] /trunk/index.php?app=Member&mod=Member&act=index | SQL:  RunTime:0.001466s SQL = SELECT COUNT(id) AS tp_count FROM `ts_member` LIMIT 1 
[ 2013-04-03T14:21:31+08:00 ] /trunk/index.php?app=Member&mod=Member&act=index | NOTIC: [8] Undefined variable: list 27e93efa9cc9d68081dcbff867a0ac25.php 第 16 行.
[ 2013-04-03T14:21:31+08:00 ] /trunk/index.php?app=Member&mod=Member&act=index | NOTIC: [8] Undefined variable: page 27e93efa9cc9d68081dcbff867a0ac25.php 第 28 行.
[ 2013-04-03T06:21:32+00:00 ] /trunk/index.php?app=Member&mod=Member&act=index | NOTIC: [2048] Declaration of XdataModel::save() should be compatible with that of Model::save() XdataModel.class.php 第 0 行.
[ 2013-04-03T06:21:32+00:00 ] /trunk/index.php?app=Member&mod=Member&act=index | NOTIC: [8] Undefined index: banip App.class.php 第 493 行.
[ 2013-04-03T14:21:32+08:00 ] /trunk/index.php?app=Member&mod=Member&act=index | SQL:  RunTime:0.004673s SQL = SHOW COLUMNS FROM ts_member
[ 2013-04-03T14:21:32+08:00 ] /trunk/index.php?app=Member&mod=Member&act=index | SQL:  RunTime:0.001010s SQL = SELECT COUNT(id) AS tp_count FROM `ts_member` LIMIT 1 
[ 2013-04-03T14:21:32+08:00 ] /trunk/index.php?app=Member&mod=Member&act=index | NOTIC: [8] Undefined variable: list 27e93efa9cc9d68081dcbff867a0ac25.php 第 16 行.
[ 2013-04-03T14:21:32+08:00 ] /trunk/index.php?app=Member&mod=Member&act=index | NOTIC: [8] Undefined variable: page 27e93efa9cc9d68081dcbff867a0ac25.php 第 28 行.
[ 2013-04-03T12:38:39+00:00 ] /trunk/index.php?app=Member&mod=Member&act=index | NOTIC: [2048] Declaration of XdataModel::save() should be compatible with that of Model::save() XdataModel.class.php 第 0 行.
[ 2013-04-03T12:38:39+00:00 ] /trunk/index.php?app=Member&mod=Member&act=index | NOTIC: [8] Undefined index: banip App.class.php 第 493 行.
[ 2013-04-03T20:38:39+08:00 ] /trunk/index.php?app=Member&mod=Member&act=index | SQL:  RunTime:0.004507s SQL = SHOW COLUMNS FROM ts_member
[ 2013-04-03T20:38:39+08:00 ] /trunk/index.php?app=Member&mod=Member&act=index | SQL:  RunTime:0.001409s SQL = SELECT COUNT(id) AS tp_count FROM `ts_member` LIMIT 1 
[ 2013-04-03T20:38:39+08:00 ] /trunk/index.php?app=Member&mod=Member&act=index | NOTIC: [8] Undefined variable: list 27e93efa9cc9d68081dcbff867a0ac25.php 第 16 行.
[ 2013-04-03T20:38:39+08:00 ] /trunk/index.php?app=Member&mod=Member&act=index | NOTIC: [8] Undefined variable: page 27e93efa9cc9d68081dcbff867a0ac25.php 第 28 行.
