[ 2013-04-03T04:44:40+00:00 ] /trunk/index.php?app=admin&mod=Index&act=index | NOTIC: [2048] Declaration of XdataModel::save() should be compatible with that of Model::save() XdataModel.class.php ç¬¬ 0 è¡Œ.
[ 2013-04-03T04:44:40+00:00 ] /trunk/index.php?app=admin&mod=Index&act=index | NOTIC: [8] Undefined index: banip App.class.php ç¬¬ 493 è¡Œ.
[ 2013-04-03T04:44:41+00:00 ] /trunk/index.php?app=admin&mod=Public&act=adminlogin | NOTIC: [2048] Declaration of XdataModel::save() should be compatible with that of Model::save() XdataModel.class.php ç¬¬ 0 è¡Œ.
[ 2013-04-03T04:44:41+00:00 ] /trunk/index.php?app=admin&mod=Public&act=adminlogin | NOTIC: [8] Undefined index: banip App.class.php ç¬¬ 493 è¡Œ.
[ 2013-04-03T04:44:43+00:00 ] /trunk/index.php?app=Admin&mod=Public&act=doAdminLogin | NOTIC: [2048] Declaration of XdataModel::save() should be compatible with that of Model::save() XdataModel.class.php ç¬¬ 0 è¡Œ.
[ 2013-04-03T04:44:43+00:00 ] /trunk/index.php?app=Admin&mod=Public&act=doAdminLogin | NOTIC: [8] Undefined index: banip App.class.php ç¬¬ 493 è¡Œ.
[ 2013-04-03T12:44:44+08:00 ] /trunk/index.php?app=Admin&mod=Public&act=doAdminLogin | NOTIC: [2] mysql_connect() [<a href='function.mysql-connect'>function.mysql-connect</a>]: [2002] ÓÉÓÚÄ¿±ê¼ÆËã»ú»ý¼«¾Ü¾ø£¬ÎÞ·¨Á¬½Ó¡£
 (trying to connect via tcp://localhost:3306) DbMysql.class.php ç¬¬ 62 è¡Œ.
[ 2013-04-03T12:44:44+08:00 ] /trunk/index.php?app=Admin&mod=Public&act=doAdminLogin | NOTIC: [2] mysql_connect() [<a href='function.mysql-connect'>function.mysql-connect</a>]: ÓÉÓÚÄ¿±ê¼ÆËã»ú»ý¼«¾Ü¾ø£¬ÎÞ·¨Á¬½Ó¡£
 DbMysql.class.php ç¬¬ 62 è¡Œ.
[ 2013-04-03T12:44:44+08:00 ] /trunk/index.php?app=Admin&mod=Public&act=doAdminLogin | NOTIC: [8] Undefined index: class ThinkException.class.php ç¬¬ 80 è¡Œ.
[ 2013-04-03T12:44:44+08:00 ] /trunk/index.php?app=Admin&mod=Public&act=doAdminLogin | NOTIC: [8] Undefined index: type ThinkException.class.php ç¬¬ 80 è¡Œ.
[ 2013-04-03T12:44:44+08:00 ] /trunk/index.php?app=Admin&mod=Public&act=doAdminLogin | NOTIC: [8] Undefined index: file ThinkException.class.php ç¬¬ 79 è¡Œ.
[ 2013-04-03T12:44:44+08:00 ] /trunk/index.php?app=Admin&mod=Public&act=doAdminLogin | NOTIC: [8] Undefined index: line ThinkException.class.php ç¬¬ 79 è¡Œ.
[ 2013-04-03T12:44:44+08:00 ] /trunk/index.php?app=Admin&mod=Public&act=doAdminLogin | NOTIC: [8] Undefined index: class ThinkException.class.php ç¬¬ 80 è¡Œ.
[ 2013-04-03T12:44:44+08:00 ] /trunk/index.php?app=Admin&mod=Public&act=doAdminLogin | NOTIC: [8] Undefined index: type ThinkException.class.php ç¬¬ 80 è¡Œ.
[ 2013-04-03T12:44:44+08:00 ] /trunk/index.php?app=Admin&mod=Public&act=doAdminLogin | NOTIC: [8] Array to string conversion ThinkException.class.php ç¬¬ 81 è¡Œ.
[ 2013-04-03T04:45:12+00:00 ] /trunk/index.php?app=Admin&mod=Public&act=doAdminLogin | NOTIC: [2048] Declaration of XdataModel::save() should be compatible with that of Model::save() XdataModel.class.php ç¬¬ 0 è¡Œ.
[ 2013-04-03T04:45:12+00:00 ] /trunk/index.php?app=Admin&mod=Public&act=doAdminLogin | NOTIC: [8] Undefined index: banip App.class.php ç¬¬ 493 è¡Œ.
[ 2013-04-03T12:45:12+08:00 ] /trunk/index.php?app=Admin&mod=Public&act=doAdminLogin | SQL:  RunTime:0.065333s SQL = SHOW COLUMNS FROM ts_user
[ 2013-04-03T12:45:12+08:00 ] /trunk/index.php?app=Admin&mod=Public&act=doAdminLogin | SQL:  RunTime:0.007661s SQL = SELECT `id` FROM `ts_user` WHERE name='admin' LIMIT 1 
[ 2013-04-03T12:45:12+08:00 ] /trunk/index.php?app=Admin&mod=Public&act=doAdminLogin | NOTIC: [8] Undefined index: uid PassportService.class.php ç¬¬ 57 è¡Œ.
[ 2013-04-03T12:45:12+08:00 ] /trunk/index.php?app=Admin&mod=Public&act=doAdminLogin | SQL:  RunTime:0.004697s SQL = SHOW COLUMNS FROM ts_login_record
[ 2013-04-03T12:45:12+08:00 ] /trunk/index.php?app=Admin&mod=Public&act=doAdminLogin | SQL:  RunTime:0.001838s SQL = INSERT INTO `ts_login_record` (`uid`,`ip`,`place`,`ctime`) VALUES ('1','127.0.0.1','- LAN',1364964312)
[ 2013-04-03T12:45:12+08:00 ] /trunk/index.php?app=Admin&mod=Public&act=doAdminLogin | NOTIC: [8] Undefined variable: publicCss a604f4aaa14c3de8abe4275a7ae9b903.php ç¬¬ 7 è¡Œ.
[ 2013-04-03T04:45:13+00:00 ] /trunk/index.php?app=admin&mod=Index&act=index | NOTIC: [2048] Declaration of XdataModel::save() should be compatible with that of Model::save() XdataModel.class.php ç¬¬ 0 è¡Œ.
[ 2013-04-03T04:45:13+00:00 ] /trunk/index.php?app=admin&mod=Index&act=index | NOTIC: [8] Undefined index: banip App.class.php ç¬¬ 493 è¡Œ.
[ 2013-04-03T12:45:13+08:00 ] /trunk/index.php?app=admin&mod=Index&act=index | NOTIC: [8] Use of undefined constant GROUP_NAME - assumed 'GROUP_NAME' SystemPopedomService.class.php ç¬¬ 174 è¡Œ.
[ 2013-04-03T12:45:13+08:00 ] /trunk/index.php?app=admin&mod=Index&act=index | SQL:  RunTime:0.028011s SQL = SHOW COLUMNS FROM ts_node
[ 2013-04-03T12:45:14+08:00 ] /trunk/index.php?app=admin&mod=Index&act=index | SQL:  RunTime:0.027892s SQL = SELECT * FROM `ts_node` WHERE pid=0 AND name != "PUBLIC" AND status=1 AND ismenu=1 ORDER BY sort
[ 2013-04-03T04:45:14+00:00 ] /trunk/index.php?app=admin&mod=Index&act=getMenu&id=152& | NOTIC: [2048] Declaration of XdataModel::save() should be compatible with that of Model::save() XdataModel.class.php ç¬¬ 0 è¡Œ.
[ 2013-04-03T04:45:14+00:00 ] /trunk/index.php?app=admin&mod=Index&act=getMenu&id=152& | NOTIC: [8] Undefined index: banip App.class.php ç¬¬ 493 è¡Œ.
[ 2013-04-03T12:45:14+08:00 ] /trunk/index.php?app=admin&mod=Index&act=getMenu&id=152& | NOTIC: [8] Use of undefined constant GROUP_NAME - assumed 'GROUP_NAME' SystemPopedomService.class.php ç¬¬ 174 è¡Œ.
[ 2013-04-03T12:45:14+08:00 ] /trunk/index.php?app=admin&mod=Index&act=getMenu&id=152& | SQL:  RunTime:0.005897s SQL = SHOW COLUMNS FROM ts_node
[ 2013-04-03T12:45:14+08:00 ] /trunk/index.php?app=admin&mod=Index&act=getMenu&id=152& | SQL:  RunTime:0.001721s SQL = SELECT * FROM `ts_node` WHERE pid=152 AND name != "PUBLIC" AND status=1 AND ismenu=1 ORDER BY sort
[ 2013-04-03T12:45:14+08:00 ] /trunk/index.php?app=admin&mod=Index&act=getMenu&id=152& | SQL:  RunTime:0.000312s SQL = SELECT * FROM `ts_node` WHERE id=152 LIMIT 1 
[ 2013-04-03T12:45:14+08:00 ] /trunk/index.php?app=admin&mod=Index&act=getMenu&id=152& | NOTIC: [8] Undefined offset: 2 functions.php ç¬¬ 37 è¡Œ.
[ 2013-04-03T04:45:14+00:00 ] /trunk/index.php?app=Admin&mod=global&act=index | NOTIC: [2048] Declaration of XdataModel::save() should be compatible with that of Model::save() XdataModel.class.php ç¬¬ 0 è¡Œ.
[ 2013-04-03T04:45:14+00:00 ] /trunk/index.php?app=Admin&mod=global&act=index | NOTIC: [8] Undefined index: banip App.class.php ç¬¬ 493 è¡Œ.
[ 2013-04-03T12:45:14+08:00 ] /trunk/index.php?app=Admin&mod=global&act=index | NOTIC: [8] Use of undefined constant GROUP_NAME - assumed 'GROUP_NAME' SystemPopedomService.class.php ç¬¬ 174 è¡Œ.
[ 2013-04-03T12:45:14+08:00 ] /trunk/index.php?app=Admin&mod=global&act=index | NOTIC: [8] Undefined index: site_logo GlobalAction.class.php ç¬¬ 21 è¡Œ.
[ 2013-04-03T04:45:19+00:00 ] /trunk/index.php?app=admin&mod=Index&act=getMenu&id=99& | NOTIC: [2048] Declaration of XdataModel::save() should be compatible with that of Model::save() XdataModel.class.php ç¬¬ 0 è¡Œ.
[ 2013-04-03T04:45:19+00:00 ] /trunk/index.php?app=admin&mod=Index&act=getMenu&id=99& | NOTIC: [8] Undefined index: banip App.class.php ç¬¬ 493 è¡Œ.
[ 2013-04-03T12:45:19+08:00 ] /trunk/index.php?app=admin&mod=Index&act=getMenu&id=99& | NOTIC: [8] Use of undefined constant GROUP_NAME - assumed 'GROUP_NAME' SystemPopedomService.class.php ç¬¬ 174 è¡Œ.
[ 2013-04-03T12:45:19+08:00 ] /trunk/index.php?app=admin&mod=Index&act=getMenu&id=99& | SQL:  RunTime:0.003904s SQL = SHOW COLUMNS FROM ts_node
[ 2013-04-03T12:45:19+08:00 ] /trunk/index.php?app=admin&mod=Index&act=getMenu&id=99& | SQL:  RunTime:0.002340s SQL = SELECT * FROM `ts_node` WHERE pid=99 AND name != "PUBLIC" AND status=1 AND ismenu=1 ORDER BY sort
[ 2013-04-03T12:45:19+08:00 ] /trunk/index.php?app=admin&mod=Index&act=getMenu&id=99& | SQL:  RunTime:0.000890s SQL = SELECT * FROM `ts_node` WHERE id=99 LIMIT 1 
[ 2013-04-03T12:45:19+08:00 ] /trunk/index.php?app=admin&mod=Index&act=getMenu&id=99& | NOTIC: [8] Undefined offset: 2 functions.php ç¬¬ 37 è¡Œ.
[ 2013-04-03T12:45:19+08:00 ] /trunk/index.php?app=admin&mod=Index&act=getMenu&id=99& | NOTIC: [8] Undefined offset: 2 functions.php ç¬¬ 37 è¡Œ.
[ 2013-04-03T04:45:21+00:00 ] /trunk/index.php?app=admin&mod=Index&act=getMenu&id=152& | NOTIC: [2048] Declaration of XdataModel::save() should be compatible with that of Model::save() XdataModel.class.php ç¬¬ 0 è¡Œ.
[ 2013-04-03T04:45:21+00:00 ] /trunk/index.php?app=admin&mod=Index&act=getMenu&id=152& | NOTIC: [8] Undefined index: banip App.class.php ç¬¬ 493 è¡Œ.
[ 2013-04-03T12:45:21+08:00 ] /trunk/index.php?app=admin&mod=Index&act=getMenu&id=152& | NOTIC: [8] Use of undefined constant GROUP_NAME - assumed 'GROUP_NAME' SystemPopedomService.class.php ç¬¬ 174 è¡Œ.
[ 2013-04-03T12:45:21+08:00 ] /trunk/index.php?app=admin&mod=Index&act=getMenu&id=152& | SQL:  RunTime:0.026861s SQL = SHOW COLUMNS FROM ts_node
[ 2013-04-03T12:45:21+08:00 ] /trunk/index.php?app=admin&mod=Index&act=getMenu&id=152& | SQL:  RunTime:0.001293s SQL = SELECT * FROM `ts_node` WHERE pid=152 AND name != "PUBLIC" AND status=1 AND ismenu=1 ORDER BY sort
[ 2013-04-03T12:45:21+08:00 ] /trunk/index.php?app=admin&mod=Index&act=getMenu&id=152& | SQL:  RunTime:0.001029s SQL = SELECT * FROM `ts_node` WHERE id=152 LIMIT 1 
[ 2013-04-03T12:45:21+08:00 ] /trunk/index.php?app=admin&mod=Index&act=getMenu&id=152& | NOTIC: [8] Undefined offset: 2 functions.php ç¬¬ 37 è¡Œ.
[ 2013-04-03T04:45:21+00:00 ] /trunk/index.php?app=Admin&mod=global&act=index | NOTIC: [2048] Declaration of XdataModel::save() should be compatible with that of Model::save() XdataModel.class.php ç¬¬ 0 è¡Œ.
[ 2013-04-03T04:45:21+00:00 ] /trunk/index.php?app=Admin&mod=global&act=index | NOTIC: [8] Undefined index: banip App.class.php ç¬¬ 493 è¡Œ.
[ 2013-04-03T12:45:21+08:00 ] /trunk/index.php?app=Admin&mod=global&act=index | NOTIC: [8] Use of undefined constant GROUP_NAME - assumed 'GROUP_NAME' SystemPopedomService.class.php ç¬¬ 174 è¡Œ.
[ 2013-04-03T12:45:21+08:00 ] /trunk/index.php?app=Admin&mod=global&act=index | NOTIC: [8] Undefined index: site_logo GlobalAction.class.php ç¬¬ 21 è¡Œ.
[ 2013-04-03T04:45:59+00:00 ] /trunk/index.php?app=admin&mod=Index&act=getMenu&id=152& | NOTIC: [2048] Declaration of XdataModel::save() should be compatible with that of Model::save() XdataModel.class.php ç¬¬ 0 è¡Œ.
[ 2013-04-03T04:45:59+00:00 ] /trunk/index.php?app=admin&mod=Index&act=getMenu&id=152& | NOTIC: [8] Undefined index: banip App.class.php ç¬¬ 493 è¡Œ.
[ 2013-04-03T12:45:59+08:00 ] /trunk/index.php?app=admin&mod=Index&act=getMenu&id=152& | NOTIC: [8] Use of undefined constant GROUP_NAME - assumed 'GROUP_NAME' SystemPopedomService.class.php ç¬¬ 174 è¡Œ.
[ 2013-04-03T12:45:59+08:00 ] /trunk/index.php?app=admin&mod=Index&act=getMenu&id=152& | SQL:  RunTime:0.005059s SQL = SHOW COLUMNS FROM ts_node
[ 2013-04-03T12:45:59+08:00 ] /trunk/index.php?app=admin&mod=Index&act=getMenu&id=152& | SQL:  RunTime:0.001563s SQL = SELECT * FROM `ts_node` WHERE pid=152 AND name != "PUBLIC" AND status=1 AND ismenu=1 ORDER BY sort
[ 2013-04-03T12:45:59+08:00 ] /trunk/index.php?app=admin&mod=Index&act=getMenu&id=152& | SQL:  RunTime:0.000425s SQL = SELECT * FROM `ts_node` WHERE id=152 LIMIT 1 
[ 2013-04-03T12:45:59+08:00 ] /trunk/index.php?app=admin&mod=Index&act=getMenu&id=152& | NOTIC: [8] Undefined offset: 2 functions.php ç¬¬ 37 è¡Œ.
[ 2013-04-03T04:45:59+00:00 ] /trunk/index.php?app=Admin&mod=global&act=index | NOTIC: [2048] Declaration of XdataModel::save() should be compatible with that of Model::save() XdataModel.class.php ç¬¬ 0 è¡Œ.
[ 2013-04-03T04:45:59+00:00 ] /trunk/index.php?app=Admin&mod=global&act=index | NOTIC: [8] Undefined index: banip App.class.php ç¬¬ 493 è¡Œ.
[ 2013-04-03T12:45:59+08:00 ] /trunk/index.php?app=Admin&mod=global&act=index | NOTIC: [8] Use of undefined constant GROUP_NAME - assumed 'GROUP_NAME' SystemPopedomService.class.php ç¬¬ 174 è¡Œ.
[ 2013-04-03T12:45:59+08:00 ] /trunk/index.php?app=Admin&mod=global&act=index | NOTIC: [8] Undefined index: site_logo GlobalAction.class.php ç¬¬ 21 è¡Œ.
[ 2013-04-03T04:45:59+00:00 ] /trunk/index.php?app=admin&mod=Index&act=index | NOTIC: [2048] Declaration of XdataModel::save() should be compatible with that of Model::save() XdataModel.class.php ç¬¬ 0 è¡Œ.
[ 2013-04-03T04:45:59+00:00 ] /trunk/index.php?app=admin&mod=Index&act=index | NOTIC: [8] Undefined index: banip App.class.php ç¬¬ 493 è¡Œ.
[ 2013-04-03T12:45:59+08:00 ] /trunk/index.php?app=admin&mod=Index&act=index | NOTIC: [8] Use of undefined constant GROUP_NAME - assumed 'GROUP_NAME' SystemPopedomService.class.php ç¬¬ 174 è¡Œ.
[ 2013-04-03T12:45:59+08:00 ] /trunk/index.php?app=admin&mod=Index&act=index | SQL:  RunTime:0.003486s SQL = SHOW COLUMNS FROM ts_node
[ 2013-04-03T12:45:59+08:00 ] /trunk/index.php?app=admin&mod=Index&act=index | SQL:  RunTime:0.001348s SQL = SELECT * FROM `ts_node` WHERE pid=0 AND name != "PUBLIC" AND status=1 AND ismenu=1 ORDER BY sort
[ 2013-04-03T04:46:00+00:00 ] /trunk/index.php?app=admin&mod=Index&act=getMenu&id=152& | NOTIC: [2048] Declaration of XdataModel::save() should be compatible with that of Model::save() XdataModel.class.php ç¬¬ 0 è¡Œ.
[ 2013-04-03T04:46:00+00:00 ] /trunk/index.php?app=admin&mod=Index&act=getMenu&id=152& | NOTIC: [8] Undefined index: banip App.class.php ç¬¬ 493 è¡Œ.
[ 2013-04-03T12:46:00+08:00 ] /trunk/index.php?app=admin&mod=Index&act=getMenu&id=152& | NOTIC: [8] Use of undefined constant GROUP_NAME - assumed 'GROUP_NAME' SystemPopedomService.class.php ç¬¬ 174 è¡Œ.
[ 2013-04-03T12:46:00+08:00 ] /trunk/index.php?app=admin&mod=Index&act=getMenu&id=152& | SQL:  RunTime:0.004781s SQL = SHOW COLUMNS FROM ts_node
[ 2013-04-03T12:46:00+08:00 ] /trunk/index.php?app=admin&mod=Index&act=getMenu&id=152& | SQL:  RunTime:0.002143s SQL = SELECT * FROM `ts_node` WHERE pid=152 AND name != "PUBLIC" AND status=1 AND ismenu=1 ORDER BY sort
[ 2013-04-03T12:46:00+08:00 ] /trunk/index.php?app=admin&mod=Index&act=getMenu&id=152& | SQL:  RunTime:0.000864s SQL = SELECT * FROM `ts_node` WHERE id=152 LIMIT 1 
[ 2013-04-03T12:46:00+08:00 ] /trunk/index.php?app=admin&mod=Index&act=getMenu&id=152& | NOTIC: [8] Undefined offset: 2 functions.php ç¬¬ 37 è¡Œ.
[ 2013-04-03T04:46:00+00:00 ] /trunk/index.php?app=Admin&mod=global&act=index | NOTIC: [2048] Declaration of XdataModel::save() should be compatible with that of Model::save() XdataModel.class.php ç¬¬ 0 è¡Œ.
[ 2013-04-03T04:46:00+00:00 ] /trunk/index.php?app=Admin&mod=global&act=index | NOTIC: [8] Undefined index: banip App.class.php ç¬¬ 493 è¡Œ.
[ 2013-04-03T12:46:00+08:00 ] /trunk/index.php?app=Admin&mod=global&act=index | NOTIC: [8] Use of undefined constant GROUP_NAME - assumed 'GROUP_NAME' SystemPopedomService.class.php ç¬¬ 174 è¡Œ.
[ 2013-04-03T12:46:00+08:00 ] /trunk/index.php?app=Admin&mod=global&act=index | NOTIC: [8] Undefined index: site_logo GlobalAction.class.php ç¬¬ 21 è¡Œ.
[ 2013-04-03T04:46:08+00:00 ] /trunk/index.php?app=admin&mod=Index&act=getMenu&id=152& | NOTIC: [2048] Declaration of XdataModel::save() should be compatible with that of Model::save() XdataModel.class.php ç¬¬ 0 è¡Œ.
[ 2013-04-03T04:46:08+00:00 ] /trunk/index.php?app=admin&mod=Index&act=getMenu&id=152& | NOTIC: [8] Undefined index: banip App.class.php ç¬¬ 493 è¡Œ.
[ 2013-04-03T12:46:08+08:00 ] /trunk/index.php?app=admin&mod=Index&act=getMenu&id=152& | NOTIC: [8] Use of undefined constant GROUP_NAME - assumed 'GROUP_NAME' SystemPopedomService.class.php ç¬¬ 174 è¡Œ.
[ 2013-04-03T12:46:08+08:00 ] /trunk/index.php?app=admin&mod=Index&act=getMenu&id=152& | SQL:  RunTime:0.014111s SQL = SHOW COLUMNS FROM ts_node
[ 2013-04-03T12:46:08+08:00 ] /trunk/index.php?app=admin&mod=Index&act=getMenu&id=152& | SQL:  RunTime:0.002771s SQL = SELECT * FROM `ts_node` WHERE pid=152 AND name != "PUBLIC" AND status=1 AND ismenu=1 ORDER BY sort
[ 2013-04-03T12:46:08+08:00 ] /trunk/index.php?app=admin&mod=Index&act=getMenu&id=152& | SQL:  RunTime:0.001167s SQL = SELECT * FROM `ts_node` WHERE id=152 LIMIT 1 
[ 2013-04-03T12:46:08+08:00 ] /trunk/index.php?app=admin&mod=Index&act=getMenu&id=152& | NOTIC: [8] Undefined offset: 2 functions.php ç¬¬ 37 è¡Œ.
[ 2013-04-03T04:46:08+00:00 ] /trunk/index.php?app=Admin&mod=global&act=index | NOTIC: [2048] Declaration of XdataModel::save() should be compatible with that of Model::save() XdataModel.class.php ç¬¬ 0 è¡Œ.
[ 2013-04-03T04:46:08+00:00 ] /trunk/index.php?app=Admin&mod=global&act=index | NOTIC: [8] Undefined index: banip App.class.php ç¬¬ 493 è¡Œ.
[ 2013-04-03T12:46:08+08:00 ] /trunk/index.php?app=Admin&mod=global&act=index | NOTIC: [8] Use of undefined constant GROUP_NAME - assumed 'GROUP_NAME' SystemPopedomService.class.php ç¬¬ 174 è¡Œ.
[ 2013-04-03T12:46:08+08:00 ] /trunk/index.php?app=Admin&mod=global&act=index | NOTIC: [8] Undefined index: site_logo GlobalAction.class.php ç¬¬ 21 è¡Œ.
[ 2013-04-03T04:46:54+00:00 ] /trunk/index.php?app=admin&mod=Index&act=index | NOTIC: [2048] Declaration of XdataModel::save() should be compatible with that of Model::save() XdataModel.class.php ç¬¬ 0 è¡Œ.
[ 2013-04-03T04:46:54+00:00 ] /trunk/index.php?app=admin&mod=Index&act=index | NOTIC: [8] Undefined index: banip App.class.php ç¬¬ 493 è¡Œ.
[ 2013-04-03T12:46:54+08:00 ] /trunk/index.php?app=admin&mod=Index&act=index | NOTIC: [8] Use of undefined constant GROUP_NAME - assumed 'GROUP_NAME' SystemPopedomService.class.php ç¬¬ 174 è¡Œ.
[ 2013-04-03T12:46:54+08:00 ] /trunk/index.php?app=admin&mod=Index&act=index | SQL:  RunTime:0.005824s SQL = SHOW COLUMNS FROM ts_node
[ 2013-04-03T12:46:54+08:00 ] /trunk/index.php?app=admin&mod=Index&act=index | SQL:  RunTime:0.001749s SQL = SELECT * FROM `ts_node` WHERE pid=0 AND name != "PUBLIC" AND status=1 AND ismenu=1 ORDER BY sort
[ 2013-04-03T04:46:55+00:00 ] /trunk/index.php?app=admin&mod=Index&act=getMenu&id=152& | NOTIC: [2048] Declaration of XdataModel::save() should be compatible with that of Model::save() XdataModel.class.php ç¬¬ 0 è¡Œ.
[ 2013-04-03T04:46:55+00:00 ] /trunk/index.php?app=admin&mod=Index&act=getMenu&id=152& | NOTIC: [8] Undefined index: banip App.class.php ç¬¬ 493 è¡Œ.
[ 2013-04-03T12:46:55+08:00 ] /trunk/index.php?app=admin&mod=Index&act=getMenu&id=152& | NOTIC: [8] Use of undefined constant GROUP_NAME - assumed 'GROUP_NAME' SystemPopedomService.class.php ç¬¬ 174 è¡Œ.
[ 2013-04-03T12:46:55+08:00 ] /trunk/index.php?app=admin&mod=Index&act=getMenu&id=152& | SQL:  RunTime:0.004981s SQL = SHOW COLUMNS FROM ts_node
[ 2013-04-03T12:46:55+08:00 ] /trunk/index.php?app=admin&mod=Index&act=getMenu&id=152& | SQL:  RunTime:0.002148s SQL = SELECT * FROM `ts_node` WHERE pid=152 AND name != "PUBLIC" AND status=1 AND ismenu=1 ORDER BY sort
[ 2013-04-03T12:46:55+08:00 ] /trunk/index.php?app=admin&mod=Index&act=getMenu&id=152& | SQL:  RunTime:0.001302s SQL = SELECT * FROM `ts_node` WHERE id=152 LIMIT 1 
[ 2013-04-03T12:46:55+08:00 ] /trunk/index.php?app=admin&mod=Index&act=getMenu&id=152& | NOTIC: [8] Undefined offset: 2 functions.php ç¬¬ 37 è¡Œ.
[ 2013-04-03T04:46:55+00:00 ] /trunk/index.php?app=Admin&mod=global&act=index | NOTIC: [2048] Declaration of XdataModel::save() should be compatible with that of Model::save() XdataModel.class.php ç¬¬ 0 è¡Œ.
[ 2013-04-03T04:46:55+00:00 ] /trunk/index.php?app=Admin&mod=global&act=index | NOTIC: [8] Undefined index: banip App.class.php ç¬¬ 493 è¡Œ.
[ 2013-04-03T12:46:55+08:00 ] /trunk/index.php?app=Admin&mod=global&act=index | NOTIC: [8] Use of undefined constant GROUP_NAME - assumed 'GROUP_NAME' SystemPopedomService.class.php ç¬¬ 174 è¡Œ.
[ 2013-04-03T12:46:55+08:00 ] /trunk/index.php?app=Admin&mod=global&act=index | NOTIC: [8] Undefined index: site_logo GlobalAction.class.php ç¬¬ 21 è¡Œ.
[ 2013-04-03T04:47:09+00:00 ] /trunk/index.php?app=admin&mod=Index&act=getMenu&id=152& | NOTIC: [2048] Declaration of XdataModel::save() should be compatible with that of Model::save() XdataModel.class.php ç¬¬ 0 è¡Œ.
[ 2013-04-03T04:47:09+00:00 ] /trunk/index.php?app=admin&mod=Index&act=getMenu&id=152& | NOTIC: [8] Undefined index: banip App.class.php ç¬¬ 493 è¡Œ.
[ 2013-04-03T12:47:09+08:00 ] /trunk/index.php?app=admin&mod=Index&act=getMenu&id=152& | NOTIC: [8] Use of undefined constant GROUP_NAME - assumed 'GROUP_NAME' SystemPopedomService.class.php ç¬¬ 174 è¡Œ.
[ 2013-04-03T12:47:09+08:00 ] /trunk/index.php?app=admin&mod=Index&act=getMenu&id=152& | SQL:  RunTime:0.005039s SQL = SHOW COLUMNS FROM ts_node
[ 2013-04-03T12:47:09+08:00 ] /trunk/index.php?app=admin&mod=Index&act=getMenu&id=152& | SQL:  RunTime:0.002863s SQL = SELECT * FROM `ts_node` WHERE pid=152 AND name != "PUBLIC" AND status=1 AND ismenu=1 ORDER BY sort
[ 2013-04-03T12:47:09+08:00 ] /trunk/index.php?app=admin&mod=Index&act=getMenu&id=152& | SQL:  RunTime:0.001083s SQL = SELECT * FROM `ts_node` WHERE id=152 LIMIT 1 
[ 2013-04-03T12:47:09+08:00 ] /trunk/index.php?app=admin&mod=Index&act=getMenu&id=152& | NOTIC: [8] Undefined offset: 2 functions.php ç¬¬ 37 è¡Œ.
[ 2013-04-03T04:47:10+00:00 ] /trunk/index.php?app=Admin&mod=global&act=index | NOTIC: [2048] Declaration of XdataModel::save() should be compatible with that of Model::save() XdataModel.class.php ç¬¬ 0 è¡Œ.
[ 2013-04-03T04:47:10+00:00 ] /trunk/index.php?app=Admin&mod=global&act=index | NOTIC: [8] Undefined index: banip App.class.php ç¬¬ 493 è¡Œ.
[ 2013-04-03T12:47:10+08:00 ] /trunk/index.php?app=Admin&mod=global&act=index | NOTIC: [8] Use of undefined constant GROUP_NAME - assumed 'GROUP_NAME' SystemPopedomService.class.php ç¬¬ 174 è¡Œ.
[ 2013-04-03T12:47:10+08:00 ] /trunk/index.php?app=Admin&mod=global&act=index | NOTIC: [8] Undefined index: site_logo GlobalAction.class.php ç¬¬ 21 è¡Œ.
[ 2013-04-03T04:47:48+00:00 ] /trunk/index.php?app=admin&mod=Index&act=getMenu&id=152& | NOTIC: [2048] Declaration of XdataModel::save() should be compatible with that of Model::save() XdataModel.class.php ç¬¬ 0 è¡Œ.
[ 2013-04-03T04:47:48+00:00 ] /trunk/index.php?app=admin&mod=Index&act=getMenu&id=152& | NOTIC: [8] Undefined index: banip App.class.php ç¬¬ 493 è¡Œ.
[ 2013-04-03T12:47:48+08:00 ] /trunk/index.php?app=admin&mod=Index&act=getMenu&id=152& | NOTIC: [8] Use of undefined constant GROUP_NAME - assumed 'GROUP_NAME' SystemPopedomService.class.php ç¬¬ 174 è¡Œ.
[ 2013-04-03T12:47:48+08:00 ] /trunk/index.php?app=admin&mod=Index&act=getMenu&id=152& | SQL:  RunTime:0.018781s SQL = SHOW COLUMNS FROM ts_node
[ 2013-04-03T12:47:48+08:00 ] /trunk/index.php?app=admin&mod=Index&act=getMenu&id=152& | SQL:  RunTime:0.001175s SQL = SELECT * FROM `ts_node` WHERE pid=152 AND name != "PUBLIC" AND status=1 AND ismenu=1 ORDER BY sort
[ 2013-04-03T12:47:48+08:00 ] /trunk/index.php?app=admin&mod=Index&act=getMenu&id=152& | SQL:  RunTime:0.000476s SQL = SELECT * FROM `ts_node` WHERE id=152 LIMIT 1 
[ 2013-04-03T12:47:48+08:00 ] /trunk/index.php?app=admin&mod=Index&act=getMenu&id=152& | NOTIC: [8] Undefined offset: 2 functions.php ç¬¬ 37 è¡Œ.
[ 2013-04-03T04:47:48+00:00 ] /trunk/index.php?app=Admin&mod=global&act=index | NOTIC: [2048] Declaration of XdataModel::save() should be compatible with that of Model::save() XdataModel.class.php ç¬¬ 0 è¡Œ.
[ 2013-04-03T04:47:48+00:00 ] /trunk/index.php?app=Admin&mod=global&act=index | NOTIC: [8] Undefined index: banip App.class.php ç¬¬ 493 è¡Œ.
[ 2013-04-03T12:47:48+08:00 ] /trunk/index.php?app=Admin&mod=global&act=index | NOTIC: [8] Use of undefined constant GROUP_NAME - assumed 'GROUP_NAME' SystemPopedomService.class.php ç¬¬ 174 è¡Œ.
[ 2013-04-03T12:47:48+08:00 ] /trunk/index.php?app=Admin&mod=global&act=index | NOTIC: [8] Undefined index: site_logo GlobalAction.class.php ç¬¬ 21 è¡Œ.
[ 2013-04-03T04:48:02+00:00 ] /trunk/index.php?app=admin&mod=Index&act=getMenu&id=152& | NOTIC: [2048] Declaration of XdataModel::save() should be compatible with that of Model::save() XdataModel.class.php ç¬¬ 0 è¡Œ.
[ 2013-04-03T04:48:02+00:00 ] /trunk/index.php?app=admin&mod=Index&act=getMenu&id=152& | NOTIC: [8] Undefined index: banip App.class.php ç¬¬ 493 è¡Œ.
[ 2013-04-03T12:48:02+08:00 ] /trunk/index.php?app=admin&mod=Index&act=getMenu&id=152& | NOTIC: [8] Use of undefined constant GROUP_NAME - assumed 'GROUP_NAME' SystemPopedomService.class.php ç¬¬ 174 è¡Œ.
[ 2013-04-03T12:48:02+08:00 ] /trunk/index.php?app=admin&mod=Index&act=getMenu&id=152& | SQL:  RunTime:0.004589s SQL = SHOW COLUMNS FROM ts_node
[ 2013-04-03T12:48:02+08:00 ] /trunk/index.php?app=admin&mod=Index&act=getMenu&id=152& | SQL:  RunTime:0.001242s SQL = SELECT * FROM `ts_node` WHERE pid=152 AND name != "PUBLIC" AND status=1 AND ismenu=1 ORDER BY sort
[ 2013-04-03T12:48:02+08:00 ] /trunk/index.php?app=admin&mod=Index&act=getMenu&id=152& | SQL:  RunTime:0.001038s SQL = SELECT * FROM `ts_node` WHERE id=152 LIMIT 1 
[ 2013-04-03T12:48:02+08:00 ] /trunk/index.php?app=admin&mod=Index&act=getMenu&id=152& | NOTIC: [8] Undefined offset: 2 functions.php ç¬¬ 37 è¡Œ.
[ 2013-04-03T04:48:02+00:00 ] /trunk/index.php?app=Admin&mod=global&act=index | NOTIC: [2048] Declaration of XdataModel::save() should be compatible with that of Model::save() XdataModel.class.php ç¬¬ 0 è¡Œ.
[ 2013-04-03T04:48:02+00:00 ] /trunk/index.php?app=Admin&mod=global&act=index | NOTIC: [8] Undefined index: banip App.class.php ç¬¬ 493 è¡Œ.
[ 2013-04-03T12:48:02+08:00 ] /trunk/index.php?app=Admin&mod=global&act=index | NOTIC: [8] Use of undefined constant GROUP_NAME - assumed 'GROUP_NAME' SystemPopedomService.class.php ç¬¬ 174 è¡Œ.
[ 2013-04-03T12:48:02+08:00 ] /trunk/index.php?app=Admin&mod=global&act=index | NOTIC: [8] Undefined index: site_logo GlobalAction.class.php ç¬¬ 21 è¡Œ.
[ 2013-04-03T04:48:06+00:00 ] /trunk/index.php?app=admin&mod=Index&act=getMenu&id=152& | NOTIC: [2048] Declaration of XdataModel::save() should be compatible with that of Model::save() XdataModel.class.php ç¬¬ 0 è¡Œ.
[ 2013-04-03T04:48:06+00:00 ] /trunk/index.php?app=admin&mod=Index&act=getMenu&id=152& | NOTIC: [8] Undefined index: banip App.class.php ç¬¬ 493 è¡Œ.
[ 2013-04-03T12:48:06+08:00 ] /trunk/index.php?app=admin&mod=Index&act=getMenu&id=152& | NOTIC: [8] Use of undefined constant GROUP_NAME - assumed 'GROUP_NAME' SystemPopedomService.class.php ç¬¬ 174 è¡Œ.
[ 2013-04-03T12:48:06+08:00 ] /trunk/index.php?app=admin&mod=Index&act=getMenu&id=152& | SQL:  RunTime:0.006253s SQL = SHOW COLUMNS FROM ts_node
[ 2013-04-03T12:48:06+08:00 ] /trunk/index.php?app=admin&mod=Index&act=getMenu&id=152& | SQL:  RunTime:0.003699s SQL = SELECT * FROM `ts_node` WHERE pid=152 AND name != "PUBLIC" AND status=1 AND ismenu=1 ORDER BY sort
[ 2013-04-03T12:48:06+08:00 ] /trunk/index.php?app=admin&mod=Index&act=getMenu&id=152& | SQL:  RunTime:0.001294s SQL = SELECT * FROM `ts_node` WHERE id=152 LIMIT 1 
[ 2013-04-03T12:48:06+08:00 ] /trunk/index.php?app=admin&mod=Index&act=getMenu&id=152& | NOTIC: [8] Undefined offset: 2 functions.php ç¬¬ 37 è¡Œ.
[ 2013-04-03T04:48:21+00:00 ] /trunk/index.php?app=Admin&mod=global&act=index | NOTIC: [2048] Declaration of XdataModel::save() should be compatible with that of Model::save() XdataModel.class.php ç¬¬ 0 è¡Œ.
[ 2013-04-03T04:48:21+00:00 ] /trunk/index.php?app=Admin&mod=global&act=index | NOTIC: [8] Undefined index: banip App.class.php ç¬¬ 493 è¡Œ.
[ 2013-04-03T12:48:21+08:00 ] /trunk/index.php?app=Admin&mod=global&act=index | NOTIC: [8] Use of undefined constant GROUP_NAME - assumed 'GROUP_NAME' SystemPopedomService.class.php ç¬¬ 174 è¡Œ.
[ 2013-04-03T12:48:21+08:00 ] /trunk/index.php?app=Admin&mod=global&act=index | NOTIC: [8] Undefined index: site_logo GlobalAction.class.php ç¬¬ 21 è¡Œ.
[ 2013-04-03T04:48:33+00:00 ] /trunk/index.php?app=Admin&mod=global&act=index | NOTIC: [2048] Declaration of XdataModel::save() should be compatible with that of Model::save() XdataModel.class.php ç¬¬ 0 è¡Œ.
[ 2013-04-03T04:48:33+00:00 ] /trunk/index.php?app=Admin&mod=global&act=index | NOTIC: [8] Undefined index: banip App.class.php ç¬¬ 493 è¡Œ.
[ 2013-04-03T12:48:33+08:00 ] /trunk/index.php?app=Admin&mod=global&act=index | NOTIC: [8] Use of undefined constant GROUP_NAME - assumed 'GROUP_NAME' SystemPopedomService.class.php ç¬¬ 174 è¡Œ.
[ 2013-04-03T12:48:33+08:00 ] /trunk/index.php?app=Admin&mod=global&act=index | NOTIC: [8] Undefined index: site_logo GlobalAction.class.php ç¬¬ 21 è¡Œ.
[ 2013-04-03T04:48:56+00:00 ] /trunk/index.php?app=admin&mod=Index&act=getMenu&id=124& | NOTIC: [2048] Declaration of XdataModel::save() should be compatible with that of Model::save() XdataModel.class.php ç¬¬ 0 è¡Œ.
[ 2013-04-03T04:48:56+00:00 ] /trunk/index.php?app=admin&mod=Index&act=getMenu&id=124& | NOTIC: [8] Undefined index: banip App.class.php ç¬¬ 493 è¡Œ.
[ 2013-04-03T12:48:56+08:00 ] /trunk/index.php?app=admin&mod=Index&act=getMenu&id=124& | NOTIC: [8] Use of undefined constant GROUP_NAME - assumed 'GROUP_NAME' SystemPopedomService.class.php ç¬¬ 174 è¡Œ.
[ 2013-04-03T12:48:56+08:00 ] /trunk/index.php?app=admin&mod=Index&act=getMenu&id=124& | SQL:  RunTime:0.005825s SQL = SHOW COLUMNS FROM ts_node
[ 2013-04-03T12:48:56+08:00 ] /trunk/index.php?app=admin&mod=Index&act=getMenu&id=124& | SQL:  RunTime:0.002623s SQL = SELECT * FROM `ts_node` WHERE pid=124 AND name != "PUBLIC" AND status=1 AND ismenu=1 ORDER BY sort
[ 2013-04-03T12:48:56+08:00 ] /trunk/index.php?app=admin&mod=Index&act=getMenu&id=124& | SQL:  RunTime:0.001718s SQL = SELECT * FROM `ts_node` WHERE id=124 LIMIT 1 
[ 2013-04-03T12:48:56+08:00 ] /trunk/index.php?app=admin&mod=Index&act=getMenu&id=124& | NOTIC: [8] Undefined offset: 2 functions.php ç¬¬ 37 è¡Œ.
[ 2013-04-03T04:48:58+00:00 ] /trunk/index.php?app=admin&mod=Index&act=getMenu&id=100& | NOTIC: [2048] Declaration of XdataModel::save() should be compatible with that of Model::save() XdataModel.class.php ç¬¬ 0 è¡Œ.
[ 2013-04-03T04:48:58+00:00 ] /trunk/index.php?app=admin&mod=Index&act=getMenu&id=100& | NOTIC: [8] Undefined index: banip App.class.php ç¬¬ 493 è¡Œ.
[ 2013-04-03T12:48:58+08:00 ] /trunk/index.php?app=admin&mod=Index&act=getMenu&id=100& | NOTIC: [8] Use of undefined constant GROUP_NAME - assumed 'GROUP_NAME' SystemPopedomService.class.php ç¬¬ 174 è¡Œ.
[ 2013-04-03T12:48:58+08:00 ] /trunk/index.php?app=admin&mod=Index&act=getMenu&id=100& | SQL:  RunTime:0.003547s SQL = SHOW COLUMNS FROM ts_node
[ 2013-04-03T12:48:58+08:00 ] /trunk/index.php?app=admin&mod=Index&act=getMenu&id=100& | SQL:  RunTime:0.002390s SQL = SELECT * FROM `ts_node` WHERE pid=100 AND name != "PUBLIC" AND status=1 AND ismenu=1 ORDER BY sort
[ 2013-04-03T12:48:58+08:00 ] /trunk/index.php?app=admin&mod=Index&act=getMenu&id=100& | SQL:  RunTime:0.002140s SQL = SELECT * FROM `ts_node` WHERE id=100 LIMIT 1 
[ 2013-04-03T12:48:58+08:00 ] /trunk/index.php?app=admin&mod=Index&act=getMenu&id=100& | NOTIC: [8] Undefined offset: 2 functions.php ç¬¬ 37 è¡Œ.
[ 2013-04-03T12:48:58+08:00 ] /trunk/index.php?app=admin&mod=Index&act=getMenu&id=100& | NOTIC: [8] Undefined offset: 2 functions.php ç¬¬ 37 è¡Œ.
[ 2013-04-03T12:48:58+08:00 ] /trunk/index.php?app=admin&mod=Index&act=getMenu&id=100& | NOTIC: [8] Undefined offset: 2 functions.php ç¬¬ 37 è¡Œ.
[ 2013-04-03T12:48:58+08:00 ] /trunk/index.php?app=admin&mod=Index&act=getMenu&id=100& | NOTIC: [8] Undefined offset: 2 functions.php ç¬¬ 37 è¡Œ.
[ 2013-04-03T04:49:00+00:00 ] /trunk/index.php?app=admin&mod=Index&act=getMenu&id=118& | NOTIC: [2048] Declaration of XdataModel::save() should be compatible with that of Model::save() XdataModel.class.php ç¬¬ 0 è¡Œ.
[ 2013-04-03T04:49:00+00:00 ] /trunk/index.php?app=admin&mod=Index&act=getMenu&id=118& | NOTIC: [8] Undefined index: banip App.class.php ç¬¬ 493 è¡Œ.
[ 2013-04-03T12:49:00+08:00 ] /trunk/index.php?app=admin&mod=Index&act=getMenu&id=118& | NOTIC: [8] Use of undefined constant GROUP_NAME - assumed 'GROUP_NAME' SystemPopedomService.class.php ç¬¬ 174 è¡Œ.
[ 2013-04-03T12:49:00+08:00 ] /trunk/index.php?app=admin&mod=Index&act=getMenu&id=118& | SQL:  RunTime:0.003697s SQL = SHOW COLUMNS FROM ts_node
[ 2013-04-03T12:49:00+08:00 ] /trunk/index.php?app=admin&mod=Index&act=getMenu&id=118& | SQL:  RunTime:0.001766s SQL = SELECT * FROM `ts_node` WHERE pid=118 AND name != "PUBLIC" AND status=1 AND ismenu=1 ORDER BY sort
[ 2013-04-03T12:49:00+08:00 ] /trunk/index.php?app=admin&mod=Index&act=getMenu&id=118& | SQL:  RunTime:0.000795s SQL = SELECT * FROM `ts_node` WHERE id=118 LIMIT 1 
[ 2013-04-03T12:49:00+08:00 ] /trunk/index.php?app=admin&mod=Index&act=getMenu&id=118& | NOTIC: [8] Undefined offset: 2 functions.php ç¬¬ 37 è¡Œ.
[ 2013-04-03T12:49:00+08:00 ] /trunk/index.php?app=admin&mod=Index&act=getMenu&id=118& | NOTIC: [8] Undefined offset: 2 functions.php ç¬¬ 37 è¡Œ.
[ 2013-04-03T12:49:00+08:00 ] /trunk/index.php?app=admin&mod=Index&act=getMenu&id=118& | NOTIC: [8] Undefined offset: 2 functions.php ç¬¬ 37 è¡Œ.
[ 2013-04-03T12:49:00+08:00 ] /trunk/index.php?app=admin&mod=Index&act=getMenu&id=118& | NOTIC: [8] Undefined offset: 2 functions.php ç¬¬ 37 è¡Œ.
[ 2013-04-03T12:49:00+08:00 ] /trunk/index.php?app=admin&mod=Index&act=getMenu&id=118& | NOTIC: [8] Undefined offset: 2 functions.php ç¬¬ 37 è¡Œ.
[ 2013-04-03T04:49:02+00:00 ] /trunk/index.php?app=admin&mod=Index&act=getMenu&id=118& | NOTIC: [2048] Declaration of XdataModel::save() should be compatible with that of Model::save() XdataModel.class.php ç¬¬ 0 è¡Œ.
[ 2013-04-03T04:49:02+00:00 ] /trunk/index.php?app=admin&mod=Index&act=getMenu&id=118& | NOTIC: [8] Undefined index: banip App.class.php ç¬¬ 493 è¡Œ.
[ 2013-04-03T12:49:02+08:00 ] /trunk/index.php?app=admin&mod=Index&act=getMenu&id=118& | NOTIC: [8] Use of undefined constant GROUP_NAME - assumed 'GROUP_NAME' SystemPopedomService.class.php ç¬¬ 174 è¡Œ.
[ 2013-04-03T12:49:02+08:00 ] /trunk/index.php?app=admin&mod=Index&act=getMenu&id=118& | SQL:  RunTime:0.004435s SQL = SHOW COLUMNS FROM ts_node
[ 2013-04-03T12:49:02+08:00 ] /trunk/index.php?app=admin&mod=Index&act=getMenu&id=118& | SQL:  RunTime:0.002813s SQL = SELECT * FROM `ts_node` WHERE pid=118 AND name != "PUBLIC" AND status=1 AND ismenu=1 ORDER BY sort
[ 2013-04-03T12:49:02+08:00 ] /trunk/index.php?app=admin&mod=Index&act=getMenu&id=118& | SQL:  RunTime:0.001229s SQL = SELECT * FROM `ts_node` WHERE id=118 LIMIT 1 
[ 2013-04-03T12:49:02+08:00 ] /trunk/index.php?app=admin&mod=Index&act=getMenu&id=118& | NOTIC: [8] Undefined offset: 2 functions.php ç¬¬ 37 è¡Œ.
[ 2013-04-03T12:49:02+08:00 ] /trunk/index.php?app=admin&mod=Index&act=getMenu&id=118& | NOTIC: [8] Undefined offset: 2 functions.php ç¬¬ 37 è¡Œ.
[ 2013-04-03T12:49:02+08:00 ] /trunk/index.php?app=admin&mod=Index&act=getMenu&id=118& | NOTIC: [8] Undefined offset: 2 functions.php ç¬¬ 37 è¡Œ.
[ 2013-04-03T12:49:02+08:00 ] /trunk/index.php?app=admin&mod=Index&act=getMenu&id=118& | NOTIC: [8] Undefined offset: 2 functions.php ç¬¬ 37 è¡Œ.
[ 2013-04-03T12:49:02+08:00 ] /trunk/index.php?app=admin&mod=Index&act=getMenu&id=118& | NOTIC: [8] Undefined offset: 2 functions.php ç¬¬ 37 è¡Œ.
[ 2013-04-03T04:51:37+00:00 ] /trunk/index.php?app=Admin&mod=global&act=index | NOTIC: [2048] Declaration of XdataModel::save() should be compatible with that of Model::save() XdataModel.class.php ç¬¬ 0 è¡Œ.
[ 2013-04-03T04:51:37+00:00 ] /trunk/index.php?app=Admin&mod=global&act=index | NOTIC: [8] Undefined index: banip App.class.php ç¬¬ 493 è¡Œ.
[ 2013-04-03T12:51:37+08:00 ] /trunk/index.php?app=Admin&mod=global&act=index | NOTIC: [8] Use of undefined constant GROUP_NAME - assumed 'GROUP_NAME' SystemPopedomService.class.php ç¬¬ 174 è¡Œ.
[ 2013-04-03T12:51:37+08:00 ] /trunk/index.php?app=Admin&mod=global&act=index | NOTIC: [8] Undefined index: site_logo GlobalAction.class.php ç¬¬ 21 è¡Œ.
[ 2013-04-03T12:51:37+08:00 ] /trunk/index.php?app=Admin&mod=global&act=index | NOTIC: [8] Undefined variable: taglibs ThinkTemplate.class.php ç¬¬ 254 è¡Œ.
[ 2013-04-03T12:51:37+08:00 ] /trunk/index.php?app=Admin&mod=global&act=index | NOTIC: [2] Invalid argument supplied for foreach() ThinkTemplate.class.php ç¬¬ 254 è¡Œ.
[ 2013-04-03T04:52:02+00:00 ] /trunk/index.php?app=Admin&mod=global&act=index | NOTIC: [2048] Declaration of XdataModel::save() should be compatible with that of Model::save() XdataModel.class.php ç¬¬ 0 è¡Œ.
[ 2013-04-03T04:52:02+00:00 ] /trunk/index.php?app=Admin&mod=global&act=index | NOTIC: [8] Undefined index: banip App.class.php ç¬¬ 493 è¡Œ.
[ 2013-04-03T12:52:02+08:00 ] /trunk/index.php?app=Admin&mod=global&act=index | NOTIC: [8] Use of undefined constant GROUP_NAME - assumed 'GROUP_NAME' SystemPopedomService.class.php ç¬¬ 174 è¡Œ.
[ 2013-04-03T12:52:02+08:00 ] /trunk/index.php?app=Admin&mod=global&act=index | NOTIC: [8] Undefined index: site_logo GlobalAction.class.php ç¬¬ 21 è¡Œ.
[ 2013-04-03T12:52:02+08:00 ] /trunk/index.php?app=Admin&mod=global&act=index | NOTIC: [8] Undefined variable: taglibs ThinkTemplate.class.php ç¬¬ 254 è¡Œ.
[ 2013-04-03T12:52:02+08:00 ] /trunk/index.php?app=Admin&mod=global&act=index | NOTIC: [2] Invalid argument supplied for foreach() ThinkTemplate.class.php ç¬¬ 254 è¡Œ.
[ 2013-04-03T04:52:03+00:00 ] /trunk/index.php?app=Admin&mod=global&act=index | NOTIC: [2048] Declaration of XdataModel::save() should be compatible with that of Model::save() XdataModel.class.php ç¬¬ 0 è¡Œ.
[ 2013-04-03T04:52:03+00:00 ] /trunk/index.php?app=Admin&mod=global&act=index | NOTIC: [8] Undefined index: banip App.class.php ç¬¬ 493 è¡Œ.
[ 2013-04-03T12:52:03+08:00 ] /trunk/index.php?app=Admin&mod=global&act=index | NOTIC: [8] Use of undefined constant GROUP_NAME - assumed 'GROUP_NAME' SystemPopedomService.class.php ç¬¬ 174 è¡Œ.
[ 2013-04-03T12:52:03+08:00 ] /trunk/index.php?app=Admin&mod=global&act=index | NOTIC: [8] Undefined index: site_logo GlobalAction.class.php ç¬¬ 21 è¡Œ.
[ 2013-04-03T04:52:31+00:00 ] /trunk/index.php?app=admin&mod=Index&act=getMenu&id=100& | NOTIC: [2048] Declaration of XdataModel::save() should be compatible with that of Model::save() XdataModel.class.php ç¬¬ 0 è¡Œ.
[ 2013-04-03T04:52:31+00:00 ] /trunk/index.php?app=admin&mod=Index&act=getMenu&id=100& | NOTIC: [8] Undefined index: banip App.class.php ç¬¬ 493 è¡Œ.
[ 2013-04-03T12:52:31+08:00 ] /trunk/index.php?app=admin&mod=Index&act=getMenu&id=100& | NOTIC: [8] Use of undefined constant GROUP_NAME - assumed 'GROUP_NAME' SystemPopedomService.class.php ç¬¬ 174 è¡Œ.
[ 2013-04-03T12:52:31+08:00 ] /trunk/index.php?app=admin&mod=Index&act=getMenu&id=100& | SQL:  RunTime:0.009071s SQL = SHOW COLUMNS FROM ts_node
[ 2013-04-03T12:52:31+08:00 ] /trunk/index.php?app=admin&mod=Index&act=getMenu&id=100& | SQL:  RunTime:0.001668s SQL = SELECT * FROM `ts_node` WHERE pid=100 AND name != "PUBLIC" AND status=1 AND ismenu=1 ORDER BY sort
[ 2013-04-03T12:52:31+08:00 ] /trunk/index.php?app=admin&mod=Index&act=getMenu&id=100& | SQL:  RunTime:0.000411s SQL = SELECT * FROM `ts_node` WHERE id=100 LIMIT 1 
[ 2013-04-03T12:52:31+08:00 ] /trunk/index.php?app=admin&mod=Index&act=getMenu&id=100& | NOTIC: [8] Undefined offset: 2 functions.php ç¬¬ 37 è¡Œ.
[ 2013-04-03T12:52:31+08:00 ] /trunk/index.php?app=admin&mod=Index&act=getMenu&id=100& | NOTIC: [8] Undefined offset: 2 functions.php ç¬¬ 37 è¡Œ.
[ 2013-04-03T12:52:31+08:00 ] /trunk/index.php?app=admin&mod=Index&act=getMenu&id=100& | NOTIC: [8] Undefined offset: 2 functions.php ç¬¬ 37 è¡Œ.
[ 2013-04-03T12:52:31+08:00 ] /trunk/index.php?app=admin&mod=Index&act=getMenu&id=100& | NOTIC: [8] Undefined offset: 2 functions.php ç¬¬ 37 è¡Œ.
[ 2013-04-03T04:52:32+00:00 ] /trunk/index.php?app=admin&mod=Index&act=getMenu&id=124& | NOTIC: [2048] Declaration of XdataModel::save() should be compatible with that of Model::save() XdataModel.class.php ç¬¬ 0 è¡Œ.
[ 2013-04-03T04:52:32+00:00 ] /trunk/index.php?app=admin&mod=Index&act=getMenu&id=124& | NOTIC: [8] Undefined index: banip App.class.php ç¬¬ 493 è¡Œ.
[ 2013-04-03T12:52:32+08:00 ] /trunk/index.php?app=admin&mod=Index&act=getMenu&id=124& | NOTIC: [8] Use of undefined constant GROUP_NAME - assumed 'GROUP_NAME' SystemPopedomService.class.php ç¬¬ 174 è¡Œ.
[ 2013-04-03T12:52:32+08:00 ] /trunk/index.php?app=admin&mod=Index&act=getMenu&id=124& | SQL:  RunTime:0.003809s SQL = SHOW COLUMNS FROM ts_node
[ 2013-04-03T12:52:32+08:00 ] /trunk/index.php?app=admin&mod=Index&act=getMenu&id=124& | SQL:  RunTime:0.001960s SQL = SELECT * FROM `ts_node` WHERE pid=124 AND name != "PUBLIC" AND status=1 AND ismenu=1 ORDER BY sort
[ 2013-04-03T12:52:32+08:00 ] /trunk/index.php?app=admin&mod=Index&act=getMenu&id=124& | SQL:  RunTime:0.000908s SQL = SELECT * FROM `ts_node` WHERE id=124 LIMIT 1 
[ 2013-04-03T12:52:32+08:00 ] /trunk/index.php?app=admin&mod=Index&act=getMenu&id=124& | NOTIC: [8] Undefined offset: 2 functions.php ç¬¬ 37 è¡Œ.
[ 2013-04-03T04:52:33+00:00 ] /trunk/index.php?app=admin&mod=Index&act=getMenu&id=100& | NOTIC: [2048] Declaration of XdataModel::save() should be compatible with that of Model::save() XdataModel.class.php ç¬¬ 0 è¡Œ.
[ 2013-04-03T04:52:33+00:00 ] /trunk/index.php?app=admin&mod=Index&act=getMenu&id=100& | NOTIC: [8] Undefined index: banip App.class.php ç¬¬ 493 è¡Œ.
[ 2013-04-03T12:52:33+08:00 ] /trunk/index.php?app=admin&mod=Index&act=getMenu&id=100& | NOTIC: [8] Use of undefined constant GROUP_NAME - assumed 'GROUP_NAME' SystemPopedomService.class.php ç¬¬ 174 è¡Œ.
[ 2013-04-03T12:52:33+08:00 ] /trunk/index.php?app=admin&mod=Index&act=getMenu&id=100& | SQL:  RunTime:0.004527s SQL = SHOW COLUMNS FROM ts_node
[ 2013-04-03T12:52:33+08:00 ] /trunk/index.php?app=admin&mod=Index&act=getMenu&id=100& | SQL:  RunTime:0.002340s SQL = SELECT * FROM `ts_node` WHERE pid=100 AND name != "PUBLIC" AND status=1 AND ismenu=1 ORDER BY sort
[ 2013-04-03T12:52:33+08:00 ] /trunk/index.php?app=admin&mod=Index&act=getMenu&id=100& | SQL:  RunTime:0.000862s SQL = SELECT * FROM `ts_node` WHERE id=100 LIMIT 1 
[ 2013-04-03T12:52:33+08:00 ] /trunk/index.php?app=admin&mod=Index&act=getMenu&id=100& | NOTIC: [8] Undefined offset: 2 functions.php ç¬¬ 37 è¡Œ.
[ 2013-04-03T12:52:33+08:00 ] /trunk/index.php?app=admin&mod=Index&act=getMenu&id=100& | NOTIC: [8] Undefined offset: 2 functions.php ç¬¬ 37 è¡Œ.
[ 2013-04-03T12:52:33+08:00 ] /trunk/index.php?app=admin&mod=Index&act=getMenu&id=100& | NOTIC: [8] Undefined offset: 2 functions.php ç¬¬ 37 è¡Œ.
[ 2013-04-03T12:52:33+08:00 ] /trunk/index.php?app=admin&mod=Index&act=getMenu&id=100& | NOTIC: [8] Undefined offset: 2 functions.php ç¬¬ 37 è¡Œ.
[ 2013-04-03T04:52:34+00:00 ] /trunk/index.php?app=admin&mod=Index&act=getMenu&id=124& | NOTIC: [2048] Declaration of XdataModel::save() should be compatible with that of Model::save() XdataModel.class.php ç¬¬ 0 è¡Œ.
[ 2013-04-03T04:52:34+00:00 ] /trunk/index.php?app=admin&mod=Index&act=getMenu&id=124& | NOTIC: [8] Undefined index: banip App.class.php ç¬¬ 493 è¡Œ.
[ 2013-04-03T12:52:34+08:00 ] /trunk/index.php?app=admin&mod=Index&act=getMenu&id=124& | NOTIC: [8] Use of undefined constant GROUP_NAME - assumed 'GROUP_NAME' SystemPopedomService.class.php ç¬¬ 174 è¡Œ.
[ 2013-04-03T12:52:34+08:00 ] /trunk/index.php?app=admin&mod=Index&act=getMenu&id=124& | SQL:  RunTime:0.003595s SQL = SHOW COLUMNS FROM ts_node
[ 2013-04-03T12:52:34+08:00 ] /trunk/index.php?app=admin&mod=Index&act=getMenu&id=124& | SQL:  RunTime:0.002034s SQL = SELECT * FROM `ts_node` WHERE pid=124 AND name != "PUBLIC" AND status=1 AND ismenu=1 ORDER BY sort
[ 2013-04-03T12:52:34+08:00 ] /trunk/index.php?app=admin&mod=Index&act=getMenu&id=124& | SQL:  RunTime:0.001012s SQL = SELECT * FROM `ts_node` WHERE id=124 LIMIT 1 
[ 2013-04-03T12:52:34+08:00 ] /trunk/index.php?app=admin&mod=Index&act=getMenu&id=124& | NOTIC: [8] Undefined offset: 2 functions.php ç¬¬ 37 è¡Œ.
[ 2013-04-03T04:52:34+00:00 ] /trunk/index.php?app=admin&mod=Index&act=getMenu&id=100& | NOTIC: [2048] Declaration of XdataModel::save() should be compatible with that of Model::save() XdataModel.class.php ç¬¬ 0 è¡Œ.
[ 2013-04-03T04:52:34+00:00 ] /trunk/index.php?app=admin&mod=Index&act=getMenu&id=100& | NOTIC: [8] Undefined index: banip App.class.php ç¬¬ 493 è¡Œ.
[ 2013-04-03T12:52:34+08:00 ] /trunk/index.php?app=admin&mod=Index&act=getMenu&id=100& | NOTIC: [8] Use of undefined constant GROUP_NAME - assumed 'GROUP_NAME' SystemPopedomService.class.php ç¬¬ 174 è¡Œ.
[ 2013-04-03T12:52:35+08:00 ] /trunk/index.php?app=admin&mod=Index&act=getMenu&id=100& | SQL:  RunTime:0.004671s SQL = SHOW COLUMNS FROM ts_node
[ 2013-04-03T12:52:35+08:00 ] /trunk/index.php?app=admin&mod=Index&act=getMenu&id=100& | SQL:  RunTime:0.003377s SQL = SELECT * FROM `ts_node` WHERE pid=100 AND name != "PUBLIC" AND status=1 AND ismenu=1 ORDER BY sort
[ 2013-04-03T12:52:35+08:00 ] /trunk/index.php?app=admin&mod=Index&act=getMenu&id=100& | SQL:  RunTime:0.000992s SQL = SELECT * FROM `ts_node` WHERE id=100 LIMIT 1 
[ 2013-04-03T12:52:35+08:00 ] /trunk/index.php?app=admin&mod=Index&act=getMenu&id=100& | NOTIC: [8] Undefined offset: 2 functions.php ç¬¬ 37 è¡Œ.
[ 2013-04-03T12:52:35+08:00 ] /trunk/index.php?app=admin&mod=Index&act=getMenu&id=100& | NOTIC: [8] Undefined offset: 2 functions.php ç¬¬ 37 è¡Œ.
[ 2013-04-03T12:52:35+08:00 ] /trunk/index.php?app=admin&mod=Index&act=getMenu&id=100& | NOTIC: [8] Undefined offset: 2 functions.php ç¬¬ 37 è¡Œ.
[ 2013-04-03T12:52:35+08:00 ] /trunk/index.php?app=admin&mod=Index&act=getMenu&id=100& | NOTIC: [8] Undefined offset: 2 functions.php ç¬¬ 37 è¡Œ.
[ 2013-04-03T04:52:53+00:00 ] /trunk/index.php?app=admin&mod=Index&act=getMenu&id=100& | NOTIC: [2048] Declaration of XdataModel::save() should be compatible with that of Model::save() XdataModel.class.php ç¬¬ 0 è¡Œ.
[ 2013-04-03T04:52:53+00:00 ] /trunk/index.php?app=admin&mod=Index&act=getMenu&id=100& | NOTIC: [8] Undefined index: banip App.class.php ç¬¬ 493 è¡Œ.
[ 2013-04-03T12:52:53+08:00 ] /trunk/index.php?app=admin&mod=Index&act=getMenu&id=100& | NOTIC: [8] Use of undefined constant GROUP_NAME - assumed 'GROUP_NAME' SystemPopedomService.class.php ç¬¬ 174 è¡Œ.
[ 2013-04-03T12:52:53+08:00 ] /trunk/index.php?app=admin&mod=Index&act=getMenu&id=100& | SQL:  RunTime:0.028565s SQL = SHOW COLUMNS FROM ts_node
[ 2013-04-03T12:52:53+08:00 ] /trunk/index.php?app=admin&mod=Index&act=getMenu&id=100& | SQL:  RunTime:0.002207s SQL = SELECT * FROM `ts_node` WHERE pid=100 AND name != "PUBLIC" AND status=1 AND ismenu=1 ORDER BY sort
[ 2013-04-03T12:52:53+08:00 ] /trunk/index.php?app=admin&mod=Index&act=getMenu&id=100& | SQL:  RunTime:0.000725s SQL = SELECT * FROM `ts_node` WHERE id=100 LIMIT 1 
[ 2013-04-03T12:52:53+08:00 ] /trunk/index.php?app=admin&mod=Index&act=getMenu&id=100& | NOTIC: [8] Undefined offset: 2 functions.php ç¬¬ 37 è¡Œ.
[ 2013-04-03T12:52:53+08:00 ] /trunk/index.php?app=admin&mod=Index&act=getMenu&id=100& | NOTIC: [8] Undefined offset: 2 functions.php ç¬¬ 37 è¡Œ.
[ 2013-04-03T12:52:53+08:00 ] /trunk/index.php?app=admin&mod=Index&act=getMenu&id=100& | NOTIC: [8] Undefined offset: 2 functions.php ç¬¬ 37 è¡Œ.
[ 2013-04-03T12:52:53+08:00 ] /trunk/index.php?app=admin&mod=Index&act=getMenu&id=100& | NOTIC: [8] Undefined offset: 2 functions.php ç¬¬ 37 è¡Œ.
[ 2013-04-03T04:52:54+00:00 ] /trunk/index.php?app=admin&mod=Index&act=getMenu&id=124& | NOTIC: [2048] Declaration of XdataModel::save() should be compatible with that of Model::save() XdataModel.class.php ç¬¬ 0 è¡Œ.
[ 2013-04-03T04:52:54+00:00 ] /trunk/index.php?app=admin&mod=Index&act=getMenu&id=124& | NOTIC: [8] Undefined index: banip App.class.php ç¬¬ 493 è¡Œ.
[ 2013-04-03T12:52:54+08:00 ] /trunk/index.php?app=admin&mod=Index&act=getMenu&id=124& | NOTIC: [8] Use of undefined constant GROUP_NAME - assumed 'GROUP_NAME' SystemPopedomService.class.php ç¬¬ 174 è¡Œ.
[ 2013-04-03T12:52:54+08:00 ] /trunk/index.php?app=admin&mod=Index&act=getMenu&id=124& | SQL:  RunTime:0.004785s SQL = SHOW COLUMNS FROM ts_node
[ 2013-04-03T12:52:54+08:00 ] /trunk/index.php?app=admin&mod=Index&act=getMenu&id=124& | SQL:  RunTime:0.001462s SQL = SELECT * FROM `ts_node` WHERE pid=124 AND name != "PUBLIC" AND status=1 AND ismenu=1 ORDER BY sort
[ 2013-04-03T12:52:54+08:00 ] /trunk/index.php?app=admin&mod=Index&act=getMenu&id=124& | SQL:  RunTime:0.000574s SQL = SELECT * FROM `ts_node` WHERE id=124 LIMIT 1 
[ 2013-04-03T12:52:54+08:00 ] /trunk/index.php?app=admin&mod=Index&act=getMenu&id=124& | NOTIC: [8] Undefined offset: 2 functions.php ç¬¬ 37 è¡Œ.
[ 2013-04-03T04:53:20+00:00 ] /trunk/index.php?app=admin&mod=Index&act=getMenu&id=124& | NOTIC: [2048] Declaration of XdataModel::save() should be compatible with that of Model::save() XdataModel.class.php ç¬¬ 0 è¡Œ.
[ 2013-04-03T04:53:20+00:00 ] /trunk/index.php?app=admin&mod=Index&act=getMenu&id=124& | NOTIC: [8] Undefined index: banip App.class.php ç¬¬ 493 è¡Œ.
[ 2013-04-03T12:53:20+08:00 ] /trunk/index.php?app=admin&mod=Index&act=getMenu&id=124& | NOTIC: [8] Use of undefined constant GROUP_NAME - assumed 'GROUP_NAME' SystemPopedomService.class.php ç¬¬ 174 è¡Œ.
[ 2013-04-03T12:53:20+08:00 ] /trunk/index.php?app=admin&mod=Index&act=getMenu&id=124& | SQL:  RunTime:0.012077s SQL = SHOW COLUMNS FROM ts_node
[ 2013-04-03T12:53:20+08:00 ] /trunk/index.php?app=admin&mod=Index&act=getMenu&id=124& | SQL:  RunTime:0.001579s SQL = SELECT * FROM `ts_node` WHERE pid=124 AND name != "PUBLIC" AND status=1 AND ismenu=1 ORDER BY sort
[ 2013-04-03T12:53:20+08:00 ] /trunk/index.php?app=admin&mod=Index&act=getMenu&id=124& | SQL:  RunTime:0.000798s SQL = SELECT * FROM `ts_node` WHERE id=124 LIMIT 1 
[ 2013-04-03T12:53:20+08:00 ] /trunk/index.php?app=admin&mod=Index&act=getMenu&id=124& | NOTIC: [8] Undefined offset: 2 functions.php ç¬¬ 37 è¡Œ.
[ 2013-04-03T05:36:35+00:00 ] /trunk/index.php?app=admin&mod=Index&act=getMenu&id=101& | NOTIC: [2048] Declaration of XdataModel::save() should be compatible with that of Model::save() XdataModel.class.php ç¬¬ 0 è¡Œ.
[ 2013-04-03T05:36:35+00:00 ] /trunk/index.php?app=admin&mod=Index&act=getMenu&id=101& | NOTIC: [8] Undefined index: banip App.class.php ç¬¬ 493 è¡Œ.
[ 2013-04-03T13:36:35+08:00 ] /trunk/index.php?app=admin&mod=Index&act=getMenu&id=101& | NOTIC: [8] Use of undefined constant GROUP_NAME - assumed 'GROUP_NAME' SystemPopedomService.class.php ç¬¬ 174 è¡Œ.
[ 2013-04-03T13:36:35+08:00 ] /trunk/index.php?app=admin&mod=Index&act=getMenu&id=101& | SQL:  RunTime:0.005593s SQL = SHOW COLUMNS FROM ts_node
[ 2013-04-03T13:36:35+08:00 ] /trunk/index.php?app=admin&mod=Index&act=getMenu&id=101& | SQL:  RunTime:0.002848s SQL = SELECT * FROM `ts_node` WHERE pid=101 AND name != "PUBLIC" AND status=1 AND ismenu=1 ORDER BY sort
[ 2013-04-03T13:36:35+08:00 ] /trunk/index.php?app=admin&mod=Index&act=getMenu&id=101& | SQL:  RunTime:0.000803s SQL = SELECT * FROM `ts_node` WHERE id=101 LIMIT 1 
[ 2013-04-03T13:36:35+08:00 ] /trunk/index.php?app=admin&mod=Index&act=getMenu&id=101& | NOTIC: [8] Undefined offset: 2 functions.php ç¬¬ 37 è¡Œ.
[ 2013-04-03T13:36:35+08:00 ] /trunk/index.php?app=admin&mod=Index&act=getMenu&id=101& | NOTIC: [8] Undefined offset: 2 functions.php ç¬¬ 37 è¡Œ.
[ 2013-04-03T13:36:35+08:00 ] /trunk/index.php?app=admin&mod=Index&act=getMenu&id=101& | NOTIC: [8] Undefined offset: 2 functions.php ç¬¬ 37 è¡Œ.
[ 2013-04-03T13:36:35+08:00 ] /trunk/index.php?app=admin&mod=Index&act=getMenu&id=101& | NOTIC: [8] Undefined offset: 2 functions.php ç¬¬ 37 è¡Œ.
[ 2013-04-03T05:37:17+00:00 ] /trunk/index.php?app=admin&mod=Index&act=getMenu&id=101& | NOTIC: [2048] Declaration of XdataModel::save() should be compatible with that of Model::save() XdataModel.class.php ç¬¬ 0 è¡Œ.
[ 2013-04-03T05:37:17+00:00 ] /trunk/index.php?app=admin&mod=Index&act=getMenu&id=101& | NOTIC: [8] Undefined index: banip App.class.php ç¬¬ 493 è¡Œ.
[ 2013-04-03T13:37:17+08:00 ] /trunk/index.php?app=admin&mod=Index&act=getMenu&id=101& | NOTIC: [8] Use of undefined constant GROUP_NAME - assumed 'GROUP_NAME' SystemPopedomService.class.php ç¬¬ 174 è¡Œ.
[ 2013-04-03T13:37:17+08:00 ] /trunk/index.php?app=admin&mod=Index&act=getMenu&id=101& | SQL:  RunTime:0.007779s SQL = SHOW COLUMNS FROM ts_node
[ 2013-04-03T13:37:17+08:00 ] /trunk/index.php?app=admin&mod=Index&act=getMenu&id=101& | SQL:  RunTime:0.001480s SQL = SELECT * FROM `ts_node` WHERE pid=101 AND name != "PUBLIC" AND status=1 AND ismenu=1 ORDER BY sort
[ 2013-04-03T13:37:17+08:00 ] /trunk/index.php?app=admin&mod=Index&act=getMenu&id=101& | SQL:  RunTime:0.000454s SQL = SELECT * FROM `ts_node` WHERE id=101 LIMIT 1 
[ 2013-04-03T13:37:17+08:00 ] /trunk/index.php?app=admin&mod=Index&act=getMenu&id=101& | NOTIC: [8] Undefined offset: 2 functions.php ç¬¬ 37 è¡Œ.
[ 2013-04-03T13:37:17+08:00 ] /trunk/index.php?app=admin&mod=Index&act=getMenu&id=101& | NOTIC: [8] Undefined offset: 2 functions.php ç¬¬ 37 è¡Œ.
[ 2013-04-03T13:37:17+08:00 ] /trunk/index.php?app=admin&mod=Index&act=getMenu&id=101& | NOTIC: [8] Undefined offset: 2 functions.php ç¬¬ 37 è¡Œ.
[ 2013-04-03T13:37:17+08:00 ] /trunk/index.php?app=admin&mod=Index&act=getMenu&id=101& | NOTIC: [8] Undefined offset: 2 functions.php ç¬¬ 37 è¡Œ.
[ 2013-04-03T06:21:27+00:00 ] /trunk/index.php?app=admin&mod=Index&act=getMenu&id=99& | NOTIC: [2048] Declaration of XdataModel::save() should be compatible with that of Model::save() XdataModel.class.php ç¬¬ 0 è¡Œ.
[ 2013-04-03T06:21:27+00:00 ] /trunk/index.php?app=admin&mod=Index&act=getMenu&id=99& | NOTIC: [8] Undefined index: banip App.class.php ç¬¬ 493 è¡Œ.
[ 2013-04-03T14:21:27+08:00 ] /trunk/index.php?app=admin&mod=Index&act=getMenu&id=99& | NOTIC: [8] Use of undefined constant GROUP_NAME - assumed 'GROUP_NAME' SystemPopedomService.class.php ç¬¬ 174 è¡Œ.
[ 2013-04-03T14:21:27+08:00 ] /trunk/index.php?app=admin&mod=Index&act=getMenu&id=99& | SQL:  RunTime:0.004266s SQL = SHOW COLUMNS FROM ts_node
[ 2013-04-03T14:21:27+08:00 ] /trunk/index.php?app=admin&mod=Index&act=getMenu&id=99& | SQL:  RunTime:0.002339s SQL = SELECT * FROM `ts_node` WHERE pid=99 AND name != "PUBLIC" AND status=1 AND ismenu=1 ORDER BY sort
[ 2013-04-03T14:21:27+08:00 ] /trunk/index.php?app=admin&mod=Index&act=getMenu&id=99& | SQL:  RunTime:0.001105s SQL = SELECT * FROM `ts_node` WHERE id=99 LIMIT 1 
[ 2013-04-03T14:21:27+08:00 ] /trunk/index.php?app=admin&mod=Index&act=getMenu&id=99& | NOTIC: [8] Undefined offset: 2 functions.php ç¬¬ 37 è¡Œ.
[ 2013-04-03T14:21:27+08:00 ] /trunk/index.php?app=admin&mod=Index&act=getMenu&id=99& | NOTIC: [8] Undefined offset: 2 functions.php ç¬¬ 37 è¡Œ.
[ 2013-04-03T06:21:28+00:00 ] /trunk/index.php?app=admin&mod=Index&act=getMenu&id=118& | NOTIC: [2048] Declaration of XdataModel::save() should be compatible with that of Model::save() XdataModel.class.php ç¬¬ 0 è¡Œ.
[ 2013-04-03T06:21:28+00:00 ] /trunk/index.php?app=admin&mod=Index&act=getMenu&id=118& | NOTIC: [8] Undefined index: banip App.class.php ç¬¬ 493 è¡Œ.
[ 2013-04-03T14:21:28+08:00 ] /trunk/index.php?app=admin&mod=Index&act=getMenu&id=118& | NOTIC: [8] Use of undefined constant GROUP_NAME - assumed 'GROUP_NAME' SystemPopedomService.class.php ç¬¬ 174 è¡Œ.
[ 2013-04-03T14:21:28+08:00 ] /trunk/index.php?app=admin&mod=Index&act=getMenu&id=118& | SQL:  RunTime:0.004142s SQL = SHOW COLUMNS FROM ts_node
[ 2013-04-03T14:21:28+08:00 ] /trunk/index.php?app=admin&mod=Index&act=getMenu&id=118& | SQL:  RunTime:0.001385s SQL = SELECT * FROM `ts_node` WHERE pid=118 AND name != "PUBLIC" AND status=1 AND ismenu=1 ORDER BY sort
[ 2013-04-03T14:21:28+08:00 ] /trunk/index.php?app=admin&mod=Index&act=getMenu&id=118& | SQL:  RunTime:0.000713s SQL = SELECT * FROM `ts_node` WHERE id=118 LIMIT 1 
[ 2013-04-03T14:21:28+08:00 ] /trunk/index.php?app=admin&mod=Index&act=getMenu&id=118& | NOTIC: [8] Undefined offset: 2 functions.php ç¬¬ 37 è¡Œ.
[ 2013-04-03T14:21:28+08:00 ] /trunk/index.php?app=admin&mod=Index&act=getMenu&id=118& | NOTIC: [8] Undefined offset: 2 functions.php ç¬¬ 37 è¡Œ.
[ 2013-04-03T14:21:28+08:00 ] /trunk/index.php?app=admin&mod=Index&act=getMenu&id=118& | NOTIC: [8] Undefined offset: 2 functions.php ç¬¬ 37 è¡Œ.
[ 2013-04-03T14:21:28+08:00 ] /trunk/index.php?app=admin&mod=Index&act=getMenu&id=118& | NOTIC: [8] Undefined offset: 2 functions.php ç¬¬ 37 è¡Œ.
[ 2013-04-03T14:21:28+08:00 ] /trunk/index.php?app=admin&mod=Index&act=getMenu&id=118& | NOTIC: [8] Undefined offset: 2 functions.php ç¬¬ 37 è¡Œ.
[ 2013-04-03T06:21:29+00:00 ] /trunk/index.php?app=admin&mod=Index&act=getMenu&id=100& | NOTIC: [2048] Declaration of XdataModel::save() should be compatible with that of Model::save() XdataModel.class.php ç¬¬ 0 è¡Œ.
[ 2013-04-03T06:21:29+00:00 ] /trunk/index.php?app=admin&mod=Index&act=getMenu&id=100& | NOTIC: [8] Undefined index: banip App.class.php ç¬¬ 493 è¡Œ.
[ 2013-04-03T14:21:29+08:00 ] /trunk/index.php?app=admin&mod=Index&act=getMenu&id=100& | NOTIC: [8] Use of undefined constant GROUP_NAME - assumed 'GROUP_NAME' SystemPopedomService.class.php ç¬¬ 174 è¡Œ.
[ 2013-04-03T14:21:29+08:00 ] /trunk/index.php?app=admin&mod=Index&act=getMenu&id=100& | SQL:  RunTime:0.003590s SQL = SHOW COLUMNS FROM ts_node
[ 2013-04-03T14:21:29+08:00 ] /trunk/index.php?app=admin&mod=Index&act=getMenu&id=100& | SQL:  RunTime:0.002031s SQL = SELECT * FROM `ts_node` WHERE pid=100 AND name != "PUBLIC" AND status=1 AND ismenu=1 ORDER BY sort
[ 2013-04-03T14:21:29+08:00 ] /trunk/index.php?app=admin&mod=Index&act=getMenu&id=100& | SQL:  RunTime:0.000598s SQL = SELECT * FROM `ts_node` WHERE id=100 LIMIT 1 
[ 2013-04-03T14:21:29+08:00 ] /trunk/index.php?app=admin&mod=Index&act=getMenu&id=100& | NOTIC: [8] Undefined offset: 2 functions.php ç¬¬ 37 è¡Œ.
[ 2013-04-03T14:21:29+08:00 ] /trunk/index.php?app=admin&mod=Index&act=getMenu&id=100& | NOTIC: [8] Undefined offset: 2 functions.php ç¬¬ 37 è¡Œ.
[ 2013-04-03T14:21:29+08:00 ] /trunk/index.php?app=admin&mod=Index&act=getMenu&id=100& | NOTIC: [8] Undefined offset: 2 functions.php ç¬¬ 37 è¡Œ.
[ 2013-04-03T14:21:29+08:00 ] /trunk/index.php?app=admin&mod=Index&act=getMenu&id=100& | NOTIC: [8] Undefined offset: 2 functions.php ç¬¬ 37 è¡Œ.
[ 2013-04-03T06:21:29+00:00 ] /trunk/index.php?app=admin&mod=Index&act=getMenu&id=124& | NOTIC: [2048] Declaration of XdataModel::save() should be compatible with that of Model::save() XdataModel.class.php ç¬¬ 0 è¡Œ.
[ 2013-04-03T06:21:29+00:00 ] /trunk/index.php?app=admin&mod=Index&act=getMenu&id=124& | NOTIC: [8] Undefined index: banip App.class.php ç¬¬ 493 è¡Œ.
[ 2013-04-03T14:21:29+08:00 ] /trunk/index.php?app=admin&mod=Index&act=getMenu&id=124& | NOTIC: [8] Use of undefined constant GROUP_NAME - assumed 'GROUP_NAME' SystemPopedomService.class.php ç¬¬ 174 è¡Œ.
[ 2013-04-03T14:21:29+08:00 ] /trunk/index.php?app=admin&mod=Index&act=getMenu&id=124& | SQL:  RunTime:0.004324s SQL = SHOW COLUMNS FROM ts_node
[ 2013-04-03T14:21:29+08:00 ] /trunk/index.php?app=admin&mod=Index&act=getMenu&id=124& | SQL:  RunTime:0.001365s SQL = SELECT * FROM `ts_node` WHERE pid=124 AND name != "PUBLIC" AND status=1 AND ismenu=1 ORDER BY sort
[ 2013-04-03T14:21:29+08:00 ] /trunk/index.php?app=admin&mod=Index&act=getMenu&id=124& | SQL:  RunTime:0.000360s SQL = SELECT * FROM `ts_node` WHERE id=124 LIMIT 1 
[ 2013-04-03T14:21:29+08:00 ] /trunk/index.php?app=admin&mod=Index&act=getMenu&id=124& | NOTIC: [8] Undefined offset: 2 functions.php ç¬¬ 37 è¡Œ.
[ 2013-04-03T06:21:30+00:00 ] /trunk/index.php?app=admin&mod=Index&act=getMenu&id=101& | NOTIC: [2048] Declaration of XdataModel::save() should be compatible with that of Model::save() XdataModel.class.php ç¬¬ 0 è¡Œ.
[ 2013-04-03T06:21:30+00:00 ] /trunk/index.php?app=admin&mod=Index&act=getMenu&id=101& | NOTIC: [8] Undefined index: banip App.class.php ç¬¬ 493 è¡Œ.
[ 2013-04-03T14:21:30+08:00 ] /trunk/index.php?app=admin&mod=Index&act=getMenu&id=101& | NOTIC: [8] Use of undefined constant GROUP_NAME - assumed 'GROUP_NAME' SystemPopedomService.class.php ç¬¬ 174 è¡Œ.
[ 2013-04-03T14:21:30+08:00 ] /trunk/index.php?app=admin&mod=Index&act=getMenu&id=101& | SQL:  RunTime:0.004852s SQL = SHOW COLUMNS FROM ts_node
[ 2013-04-03T14:21:30+08:00 ] /trunk/index.php?app=admin&mod=Index&act=getMenu&id=101& | SQL:  RunTime:0.001678s SQL = SELECT * FROM `ts_node` WHERE pid=101 AND name != "PUBLIC" AND status=1 AND ismenu=1 ORDER BY sort
[ 2013-04-03T14:21:30+08:00 ] /trunk/index.php?app=admin&mod=Index&act=getMenu&id=101& | SQL:  RunTime:0.000826s SQL = SELECT * FROM `ts_node` WHERE id=101 LIMIT 1 
[ 2013-04-03T14:21:30+08:00 ] /trunk/index.php?app=admin&mod=Index&act=getMenu&id=101& | NOTIC: [8] Undefined offset: 2 functions.php ç¬¬ 37 è¡Œ.
[ 2013-04-03T14:21:30+08:00 ] /trunk/index.php?app=admin&mod=Index&act=getMenu&id=101& | NOTIC: [8] Undefined offset: 2 functions.php ç¬¬ 37 è¡Œ.
[ 2013-04-03T14:21:30+08:00 ] /trunk/index.php?app=admin&mod=Index&act=getMenu&id=101& | NOTIC: [8] Undefined offset: 2 functions.php ç¬¬ 37 è¡Œ.
[ 2013-04-03T14:21:30+08:00 ] /trunk/index.php?app=admin&mod=Index&act=getMenu&id=101& | NOTIC: [8] Undefined offset: 2 functions.php ç¬¬ 37 è¡Œ.
[ 2013-04-03T06:21:31+00:00 ] /trunk/index.php?app=admin&mod=Index&act=getMenu&id=124& | NOTIC: [2048] Declaration of XdataModel::save() should be compatible with that of Model::save() XdataModel.class.php ç¬¬ 0 è¡Œ.
[ 2013-04-03T06:21:31+00:00 ] /trunk/index.php?app=admin&mod=Index&act=getMenu&id=124& | NOTIC: [8] Undefined index: banip App.class.php ç¬¬ 493 è¡Œ.
[ 2013-04-03T14:21:31+08:00 ] /trunk/index.php?app=admin&mod=Index&act=getMenu&id=124& | NOTIC: [8] Use of undefined constant GROUP_NAME - assumed 'GROUP_NAME' SystemPopedomService.class.php ç¬¬ 174 è¡Œ.
[ 2013-04-03T14:21:31+08:00 ] /trunk/index.php?app=admin&mod=Index&act=getMenu&id=124& | SQL:  RunTime:0.006405s SQL = SHOW COLUMNS FROM ts_node
[ 2013-04-03T14:21:31+08:00 ] /trunk/index.php?app=admin&mod=Index&act=getMenu&id=124& | SQL:  RunTime:0.002430s SQL = SELECT * FROM `ts_node` WHERE pid=124 AND name != "PUBLIC" AND status=1 AND ismenu=1 ORDER BY sort
[ 2013-04-03T14:21:31+08:00 ] /trunk/index.php?app=admin&mod=Index&act=getMenu&id=124& | SQL:  RunTime:0.001370s SQL = SELECT * FROM `ts_node` WHERE id=124 LIMIT 1 
[ 2013-04-03T14:21:31+08:00 ] /trunk/index.php?app=admin&mod=Index&act=getMenu&id=124& | NOTIC: [8] Undefined offset: 2 functions.php ç¬¬ 37 è¡Œ.
[ 2013-04-03T06:21:31+00:00 ] /trunk/index.php?app=admin&mod=Index&act=getMenu&id=100& | NOTIC: [2048] Declaration of XdataModel::save() should be compatible with that of Model::save() XdataModel.class.php ç¬¬ 0 è¡Œ.
[ 2013-04-03T06:21:31+00:00 ] /trunk/index.php?app=admin&mod=Index&act=getMenu&id=100& | NOTIC: [8] Undefined index: banip App.class.php ç¬¬ 493 è¡Œ.
[ 2013-04-03T14:21:31+08:00 ] /trunk/index.php?app=admin&mod=Index&act=getMenu&id=100& | NOTIC: [8] Use of undefined constant GROUP_NAME - assumed 'GROUP_NAME' SystemPopedomService.class.php ç¬¬ 174 è¡Œ.
[ 2013-04-03T14:21:31+08:00 ] /trunk/index.php?app=admin&mod=Index&act=getMenu&id=100& | SQL:  RunTime:0.005129s SQL = SHOW COLUMNS FROM ts_node
[ 2013-04-03T14:21:31+08:00 ] /trunk/index.php?app=admin&mod=Index&act=getMenu&id=100& | SQL:  RunTime:0.002110s SQL = SELECT * FROM `ts_node` WHERE pid=100 AND name != "PUBLIC" AND status=1 AND ismenu=1 ORDER BY sort
[ 2013-04-03T14:21:31+08:00 ] /trunk/index.php?app=admin&mod=Index&act=getMenu&id=100& | SQL:  RunTime:0.001091s SQL = SELECT * FROM `ts_node` WHERE id=100 LIMIT 1 
[ 2013-04-03T14:21:31+08:00 ] /trunk/index.php?app=admin&mod=Index&act=getMenu&id=100& | NOTIC: [8] Undefined offset: 2 functions.php ç¬¬ 37 è¡Œ.
[ 2013-04-03T14:21:31+08:00 ] /trunk/index.php?app=admin&mod=Index&act=getMenu&id=100& | NOTIC: [8] Undefined offset: 2 functions.php ç¬¬ 37 è¡Œ.
[ 2013-04-03T14:21:31+08:00 ] /trunk/index.php?app=admin&mod=Index&act=getMenu&id=100& | NOTIC: [8] Undefined offset: 2 functions.php ç¬¬ 37 è¡Œ.
[ 2013-04-03T14:21:31+08:00 ] /trunk/index.php?app=admin&mod=Index&act=getMenu&id=100& | NOTIC: [8] Undefined offset: 2 functions.php ç¬¬ 37 è¡Œ.
[ 2013-04-03T06:21:32+00:00 ] /trunk/index.php?app=admin&mod=Index&act=getMenu&id=124& | NOTIC: [2048] Declaration of XdataModel::save() should be compatible with that of Model::save() XdataModel.class.php ç¬¬ 0 è¡Œ.
[ 2013-04-03T06:21:32+00:00 ] /trunk/index.php?app=admin&mod=Index&act=getMenu&id=124& | NOTIC: [8] Undefined index: banip App.class.php ç¬¬ 493 è¡Œ.
[ 2013-04-03T14:21:32+08:00 ] /trunk/index.php?app=admin&mod=Index&act=getMenu&id=124& | NOTIC: [8] Use of undefined constant GROUP_NAME - assumed 'GROUP_NAME' SystemPopedomService.class.php ç¬¬ 174 è¡Œ.
[ 2013-04-03T14:21:32+08:00 ] /trunk/index.php?app=admin&mod=Index&act=getMenu&id=124& | SQL:  RunTime:0.004016s SQL = SHOW COLUMNS FROM ts_node
[ 2013-04-03T14:21:32+08:00 ] /trunk/index.php?app=admin&mod=Index&act=getMenu&id=124& | SQL:  RunTime:0.003534s SQL = SELECT * FROM `ts_node` WHERE pid=124 AND name != "PUBLIC" AND status=1 AND ismenu=1 ORDER BY sort
[ 2013-04-03T14:21:32+08:00 ] /trunk/index.php?app=admin&mod=Index&act=getMenu&id=124& | SQL:  RunTime:0.001123s SQL = SELECT * FROM `ts_node` WHERE id=124 LIMIT 1 
[ 2013-04-03T14:21:32+08:00 ] /trunk/index.php?app=admin&mod=Index&act=getMenu&id=124& | NOTIC: [8] Undefined offset: 2 functions.php ç¬¬ 37 è¡Œ.
[ 2013-04-03T06:21:33+00:00 ] /trunk/index.php?app=admin&mod=Index&act=getMenu&id=101& | NOTIC: [2048] Declaration of XdataModel::save() should be compatible with that of Model::save() XdataModel.class.php ç¬¬ 0 è¡Œ.
[ 2013-04-03T06:21:33+00:00 ] /trunk/index.php?app=admin&mod=Index&act=getMenu&id=101& | NOTIC: [8] Undefined index: banip App.class.php ç¬¬ 493 è¡Œ.
[ 2013-04-03T14:21:33+08:00 ] /trunk/index.php?app=admin&mod=Index&act=getMenu&id=101& | NOTIC: [8] Use of undefined constant GROUP_NAME - assumed 'GROUP_NAME' SystemPopedomService.class.php ç¬¬ 174 è¡Œ.
[ 2013-04-03T14:21:33+08:00 ] /trunk/index.php?app=admin&mod=Index&act=getMenu&id=101& | SQL:  RunTime:0.003640s SQL = SHOW COLUMNS FROM ts_node
[ 2013-04-03T14:21:33+08:00 ] /trunk/index.php?app=admin&mod=Index&act=getMenu&id=101& | SQL:  RunTime:0.002155s SQL = SELECT * FROM `ts_node` WHERE pid=101 AND name != "PUBLIC" AND status=1 AND ismenu=1 ORDER BY sort
[ 2013-04-03T14:21:33+08:00 ] /trunk/index.php?app=admin&mod=Index&act=getMenu&id=101& | SQL:  RunTime:0.000829s SQL = SELECT * FROM `ts_node` WHERE id=101 LIMIT 1 
[ 2013-04-03T14:21:33+08:00 ] /trunk/index.php?app=admin&mod=Index&act=getMenu&id=101& | NOTIC: [8] Undefined offset: 2 functions.php ç¬¬ 37 è¡Œ.
[ 2013-04-03T14:21:33+08:00 ] /trunk/index.php?app=admin&mod=Index&act=getMenu&id=101& | NOTIC: [8] Undefined offset: 2 functions.php ç¬¬ 37 è¡Œ.
[ 2013-04-03T14:21:33+08:00 ] /trunk/index.php?app=admin&mod=Index&act=getMenu&id=101& | NOTIC: [8] Undefined offset: 2 functions.php ç¬¬ 37 è¡Œ.
[ 2013-04-03T14:21:33+08:00 ] /trunk/index.php?app=admin&mod=Index&act=getMenu&id=101& | NOTIC: [8] Undefined offset: 2 functions.php ç¬¬ 37 è¡Œ.
[ 2013-04-03T06:21:44+00:00 ] /trunk/index.php?app=admin&mod=Index&act=getMenu&id=99& | NOTIC: [2048] Declaration of XdataModel::save() should be compatible with that of Model::save() XdataModel.class.php ç¬¬ 0 è¡Œ.
[ 2013-04-03T06:21:44+00:00 ] /trunk/index.php?app=admin&mod=Index&act=getMenu&id=99& | NOTIC: [8] Undefined index: banip App.class.php ç¬¬ 493 è¡Œ.
[ 2013-04-03T14:21:44+08:00 ] /trunk/index.php?app=admin&mod=Index&act=getMenu&id=99& | NOTIC: [8] Use of undefined constant GROUP_NAME - assumed 'GROUP_NAME' SystemPopedomService.class.php ç¬¬ 174 è¡Œ.
[ 2013-04-03T14:21:44+08:00 ] /trunk/index.php?app=admin&mod=Index&act=getMenu&id=99& | SQL:  RunTime:0.003845s SQL = SHOW COLUMNS FROM ts_node
[ 2013-04-03T14:21:44+08:00 ] /trunk/index.php?app=admin&mod=Index&act=getMenu&id=99& | SQL:  RunTime:0.001562s SQL = SELECT * FROM `ts_node` WHERE pid=99 AND name != "PUBLIC" AND status=1 AND ismenu=1 ORDER BY sort
[ 2013-04-03T14:21:44+08:00 ] /trunk/index.php?app=admin&mod=Index&act=getMenu&id=99& | SQL:  RunTime:0.000269s SQL = SELECT * FROM `ts_node` WHERE id=99 LIMIT 1 
[ 2013-04-03T14:21:44+08:00 ] /trunk/index.php?app=admin&mod=Index&act=getMenu&id=99& | NOTIC: [8] Undefined offset: 2 functions.php ç¬¬ 37 è¡Œ.
[ 2013-04-03T14:21:44+08:00 ] /trunk/index.php?app=admin&mod=Index&act=getMenu&id=99& | NOTIC: [8] Undefined offset: 2 functions.php ç¬¬ 37 è¡Œ.
[ 2013-04-03T12:38:37+00:00 ] /trunk/index.php?app=admin&mod=Index&act=getMenu&id=118& | NOTIC: [2048] Declaration of XdataModel::save() should be compatible with that of Model::save() XdataModel.class.php ç¬¬ 0 è¡Œ.
[ 2013-04-03T12:38:37+00:00 ] /trunk/index.php?app=admin&mod=Index&act=getMenu&id=118& | NOTIC: [8] Undefined index: banip App.class.php ç¬¬ 493 è¡Œ.
[ 2013-04-03T20:38:37+08:00 ] /trunk/index.php?app=admin&mod=Index&act=getMenu&id=118& | NOTIC: [8] Use of undefined constant GROUP_NAME - assumed 'GROUP_NAME' SystemPopedomService.class.php ç¬¬ 174 è¡Œ.
[ 2013-04-03T20:38:37+08:00 ] /trunk/index.php?app=admin&mod=Index&act=getMenu&id=118& | SQL:  RunTime:0.018293s SQL = SHOW COLUMNS FROM ts_node
[ 2013-04-03T20:38:37+08:00 ] /trunk/index.php?app=admin&mod=Index&act=getMenu&id=118& | SQL:  RunTime:0.010775s SQL = SELECT * FROM `ts_node` WHERE pid=118 AND name != "PUBLIC" AND status=1 AND ismenu=1 ORDER BY sort
[ 2013-04-03T20:38:37+08:00 ] /trunk/index.php?app=admin&mod=Index&act=getMenu&id=118& | SQL:  RunTime:0.001003s SQL = SELECT * FROM `ts_node` WHERE id=118 LIMIT 1 
[ 2013-04-03T20:38:37+08:00 ] /trunk/index.php?app=admin&mod=Index&act=getMenu&id=118& | NOTIC: [8] Undefined offset: 2 functions.php ç¬¬ 37 è¡Œ.
[ 2013-04-03T20:38:37+08:00 ] /trunk/index.php?app=admin&mod=Index&act=getMenu&id=118& | NOTIC: [8] Undefined offset: 2 functions.php ç¬¬ 37 è¡Œ.
[ 2013-04-03T20:38:37+08:00 ] /trunk/index.php?app=admin&mod=Index&act=getMenu&id=118& | NOTIC: [8] Undefined offset: 2 functions.php ç¬¬ 37 è¡Œ.
[ 2013-04-03T20:38:37+08:00 ] /trunk/index.php?app=admin&mod=Index&act=getMenu&id=118& | NOTIC: [8] Undefined offset: 2 functions.php ç¬¬ 37 è¡Œ.
[ 2013-04-03T20:38:37+08:00 ] /trunk/index.php?app=admin&mod=Index&act=getMenu&id=118& | NOTIC: [8] Undefined offset: 2 functions.php ç¬¬ 37 è¡Œ.
[ 2013-04-03T12:38:38+00:00 ] /trunk/index.php?app=admin&mod=Index&act=getMenu&id=100& | NOTIC: [2048] Declaration of XdataModel::save() should be compatible with that of Model::save() XdataModel.class.php ç¬¬ 0 è¡Œ.
[ 2013-04-03T12:38:38+00:00 ] /trunk/index.php?app=admin&mod=Index&act=getMenu&id=100& | NOTIC: [8] Undefined index: banip App.class.php ç¬¬ 493 è¡Œ.
[ 2013-04-03T20:38:38+08:00 ] /trunk/index.php?app=admin&mod=Index&act=getMenu&id=100& | NOTIC: [8] Use of undefined constant GROUP_NAME - assumed 'GROUP_NAME' SystemPopedomService.class.php ç¬¬ 174 è¡Œ.
[ 2013-04-03T20:38:38+08:00 ] /trunk/index.php?app=admin&mod=Index&act=getMenu&id=100& | SQL:  RunTime:0.004638s SQL = SHOW COLUMNS FROM ts_node
[ 2013-04-03T20:38:38+08:00 ] /trunk/index.php?app=admin&mod=Index&act=getMenu&id=100& | SQL:  RunTime:0.001504s SQL = SELECT * FROM `ts_node` WHERE pid=100 AND name != "PUBLIC" AND status=1 AND ismenu=1 ORDER BY sort
[ 2013-04-03T20:38:38+08:00 ] /trunk/index.php?app=admin&mod=Index&act=getMenu&id=100& | SQL:  RunTime:0.001306s SQL = SELECT * FROM `ts_node` WHERE id=100 LIMIT 1 
[ 2013-04-03T20:38:38+08:00 ] /trunk/index.php?app=admin&mod=Index&act=getMenu&id=100& | NOTIC: [8] Undefined offset: 2 functions.php ç¬¬ 37 è¡Œ.
[ 2013-04-03T20:38:38+08:00 ] /trunk/index.php?app=admin&mod=Index&act=getMenu&id=100& | NOTIC: [8] Undefined offset: 2 functions.php ç¬¬ 37 è¡Œ.
[ 2013-04-03T20:38:38+08:00 ] /trunk/index.php?app=admin&mod=Index&act=getMenu&id=100& | NOTIC: [8] Undefined offset: 2 functions.php ç¬¬ 37 è¡Œ.
[ 2013-04-03T20:38:38+08:00 ] /trunk/index.php?app=admin&mod=Index&act=getMenu&id=100& | NOTIC: [8] Undefined offset: 2 functions.php ç¬¬ 37 è¡Œ.
[ 2013-04-03T12:38:39+00:00 ] /trunk/index.php?app=admin&mod=Index&act=getMenu&id=124& | NOTIC: [2048] Declaration of XdataModel::save() should be compatible with that of Model::save() XdataModel.class.php ç¬¬ 0 è¡Œ.
[ 2013-04-03T12:38:39+00:00 ] /trunk/index.php?app=admin&mod=Index&act=getMenu&id=124& | NOTIC: [8] Undefined index: banip App.class.php ç¬¬ 493 è¡Œ.
[ 2013-04-03T20:38:39+08:00 ] /trunk/index.php?app=admin&mod=Index&act=getMenu&id=124& | NOTIC: [8] Use of undefined constant GROUP_NAME - assumed 'GROUP_NAME' SystemPopedomService.class.php ç¬¬ 174 è¡Œ.
[ 2013-04-03T20:38:39+08:00 ] /trunk/index.php?app=admin&mod=Index&act=getMenu&id=124& | SQL:  RunTime:0.004744s SQL = SHOW COLUMNS FROM ts_node
[ 2013-04-03T20:38:39+08:00 ] /trunk/index.php?app=admin&mod=Index&act=getMenu&id=124& | SQL:  RunTime:0.001497s SQL = SELECT * FROM `ts_node` WHERE pid=124 AND name != "PUBLIC" AND status=1 AND ismenu=1 ORDER BY sort
[ 2013-04-03T20:38:39+08:00 ] /trunk/index.php?app=admin&mod=Index&act=getMenu&id=124& | SQL:  RunTime:0.001015s SQL = SELECT * FROM `ts_node` WHERE id=124 LIMIT 1 
[ 2013-04-03T20:38:39+08:00 ] /trunk/index.php?app=admin&mod=Index&act=getMenu&id=124& | NOTIC: [8] Undefined offset: 2 functions.php ç¬¬ 37 è¡Œ.
[ 2013-04-03T12:38:40+00:00 ] /trunk/index.php?app=admin&mod=Index&act=getMenu&id=101& | NOTIC: [2048] Declaration of XdataModel::save() should be compatible with that of Model::save() XdataModel.class.php ç¬¬ 0 è¡Œ.
[ 2013-04-03T12:38:40+00:00 ] /trunk/index.php?app=admin&mod=Index&act=getMenu&id=101& | NOTIC: [8] Undefined index: banip App.class.php ç¬¬ 493 è¡Œ.
[ 2013-04-03T20:38:40+08:00 ] /trunk/index.php?app=admin&mod=Index&act=getMenu&id=101& | NOTIC: [8] Use of undefined constant GROUP_NAME - assumed 'GROUP_NAME' SystemPopedomService.class.php ç¬¬ 174 è¡Œ.
[ 2013-04-03T20:38:40+08:00 ] /trunk/index.php?app=admin&mod=Index&act=getMenu&id=101& | SQL:  RunTime:0.007306s SQL = SHOW COLUMNS FROM ts_node
[ 2013-04-03T20:38:40+08:00 ] /trunk/index.php?app=admin&mod=Index&act=getMenu&id=101& | SQL:  RunTime:0.002636s SQL = SELECT * FROM `ts_node` WHERE pid=101 AND name != "PUBLIC" AND status=1 AND ismenu=1 ORDER BY sort
[ 2013-04-03T20:38:40+08:00 ] /trunk/index.php?app=admin&mod=Index&act=getMenu&id=101& | SQL:  RunTime:0.001524s SQL = SELECT * FROM `ts_node` WHERE id=101 LIMIT 1 
[ 2013-04-03T20:38:40+08:00 ] /trunk/index.php?app=admin&mod=Index&act=getMenu&id=101& | NOTIC: [8] Undefined offset: 2 functions.php ç¬¬ 37 è¡Œ.
[ 2013-04-03T20:38:40+08:00 ] /trunk/index.php?app=admin&mod=Index&act=getMenu&id=101& | NOTIC: [8] Undefined offset: 2 functions.php ç¬¬ 37 è¡Œ.
[ 2013-04-03T20:38:40+08:00 ] /trunk/index.php?app=admin&mod=Index&act=getMenu&id=101& | NOTIC: [8] Undefined offset: 2 functions.php ç¬¬ 37 è¡Œ.
[ 2013-04-03T20:38:40+08:00 ] /trunk/index.php?app=admin&mod=Index&act=getMenu&id=101& | NOTIC: [8] Undefined offset: 2 functions.php ç¬¬ 37 è¡Œ.
[ 2013-04-03T12:38:54+00:00 ] /trunk/index.php?app=admin&mod=Index&act=getMenu&id=99& | NOTIC: [2048] Declaration of XdataModel::save() should be compatible with that of Model::save() XdataModel.class.php ç¬¬ 0 è¡Œ.
[ 2013-04-03T12:38:54+00:00 ] /trunk/index.php?app=admin&mod=Index&act=getMenu&id=99& | NOTIC: [8] Undefined index: banip App.class.php ç¬¬ 493 è¡Œ.
[ 2013-04-03T20:38:54+08:00 ] /trunk/index.php?app=admin&mod=Index&act=getMenu&id=99& | NOTIC: [8] Use of undefined constant GROUP_NAME - assumed 'GROUP_NAME' SystemPopedomService.class.php ç¬¬ 174 è¡Œ.
[ 2013-04-03T20:38:54+08:00 ] /trunk/index.php?app=admin&mod=Index&act=getMenu&id=99& | SQL:  RunTime:0.004938s SQL = SHOW COLUMNS FROM ts_node
[ 2013-04-03T20:38:54+08:00 ] /trunk/index.php?app=admin&mod=Index&act=getMenu&id=99& | SQL:  RunTime:0.001366s SQL = SELECT * FROM `ts_node` WHERE pid=99 AND name != "PUBLIC" AND status=1 AND ismenu=1 ORDER BY sort
[ 2013-04-03T20:38:54+08:00 ] /trunk/index.php?app=admin&mod=Index&act=getMenu&id=99& | SQL:  RunTime:0.000404s SQL = SELECT * FROM `ts_node` WHERE id=99 LIMIT 1 
[ 2013-04-03T20:38:54+08:00 ] /trunk/index.php?app=admin&mod=Index&act=getMenu&id=99& | NOTIC: [8] Undefined offset: 2 functions.php ç¬¬ 37 è¡Œ.
[ 2013-04-03T20:38:54+08:00 ] /trunk/index.php?app=admin&mod=Index&act=getMenu&id=99& | NOTIC: [8] Undefined offset: 2 functions.php ç¬¬ 37 è¡Œ.
