[ 2013-04-11T00:22:14+00:00 ] /trunk/index.php?app=admin&mod=Index | NOTIC: [2048] Declaration of XdataModel::save() should be compatible with that of Model::save() XdataModel.class.php ç¬¬ 0 è¡Œ.
[ 2013-04-11T00:22:14+00:00 ] /trunk/index.php?app=admin&mod=Index | NOTIC: [8] Undefined index: banip App.class.php ç¬¬ 493 è¡Œ.
[ 2013-04-11T08:22:15+08:00 ] /trunk/index.php?app=admin&mod=Index | NOTIC: [8] Use of undefined constant GROUP_NAME - assumed 'GROUP_NAME' SystemPopedomService.class.php ç¬¬ 174 è¡Œ.
[ 2013-04-11T08:22:17+08:00 ] /trunk/index.php?app=admin&mod=Index | NOTIC: [2] mysql_connect() [<a href='function.mysql-connect'>function.mysql-connect</a>]: [2002] ÓÉÓÚÄ¿±ê¼ÆËã»ú»ý¼«¾Ü¾ø£¬ÎÞ·¨Á¬½Ó¡£
 (trying to connect via tcp://localhost:3306) DbMysql.class.php ç¬¬ 62 è¡Œ.
[ 2013-04-11T08:22:17+08:00 ] /trunk/index.php?app=admin&mod=Index | NOTIC: [2] mysql_connect() [<a href='function.mysql-connect'>function.mysql-connect</a>]: ÓÉÓÚÄ¿±ê¼ÆËã»ú»ý¼«¾Ü¾ø£¬ÎÞ·¨Á¬½Ó¡£
 DbMysql.class.php ç¬¬ 62 è¡Œ.
[ 2013-04-11T08:22:17+08:00 ] /trunk/index.php?app=admin&mod=Index | NOTIC: [8] Undefined index: class ThinkException.class.php ç¬¬ 80 è¡Œ.
[ 2013-04-11T08:22:17+08:00 ] /trunk/index.php?app=admin&mod=Index | NOTIC: [8] Undefined index: type ThinkException.class.php ç¬¬ 80 è¡Œ.
[ 2013-04-11T08:22:17+08:00 ] /trunk/index.php?app=admin&mod=Index | NOTIC: [8] Undefined index: file ThinkException.class.php ç¬¬ 79 è¡Œ.
[ 2013-04-11T08:22:17+08:00 ] /trunk/index.php?app=admin&mod=Index | NOTIC: [8] Undefined index: line ThinkException.class.php ç¬¬ 79 è¡Œ.
[ 2013-04-11T08:22:17+08:00 ] /trunk/index.php?app=admin&mod=Index | NOTIC: [8] Undefined index: class ThinkException.class.php ç¬¬ 80 è¡Œ.
[ 2013-04-11T08:22:17+08:00 ] /trunk/index.php?app=admin&mod=Index | NOTIC: [8] Undefined index: type ThinkException.class.php ç¬¬ 80 è¡Œ.
[ 2013-04-11T08:22:17+08:00 ] /trunk/index.php?app=admin&mod=Index | NOTIC: [8] Array to string conversion ThinkException.class.php ç¬¬ 81 è¡Œ.
[ 2013-04-11T00:22:17+00:00 ] /trunk/index.php?app=admin&mod=Test | NOTIC: [2048] Declaration of XdataModel::save() should be compatible with that of Model::save() XdataModel.class.php ç¬¬ 0 è¡Œ.
[ 2013-04-11T00:22:17+00:00 ] /trunk/index.php?app=admin&mod=Test | NOTIC: [8] Undefined index: banip App.class.php ç¬¬ 493 è¡Œ.
[ 2013-04-11T01:26:06+00:00 ] /trunk/index.php?app=admin&mod=Index | NOTIC: [2048] Declaration of XdataModel::save() should be compatible with that of Model::save() XdataModel.class.php ç¬¬ 0 è¡Œ.
[ 2013-04-11T01:26:06+00:00 ] /trunk/index.php?app=admin&mod=Index | NOTIC: [8] Undefined index: banip App.class.php ç¬¬ 493 è¡Œ.
[ 2013-04-11T09:26:06+08:00 ] /trunk/index.php?app=admin&mod=Index | NOTIC: [8] Use of undefined constant GROUP_NAME - assumed 'GROUP_NAME' SystemPopedomService.class.php ç¬¬ 174 è¡Œ.
[ 2013-04-11T09:26:07+08:00 ] /trunk/index.php?app=admin&mod=Index | SQL:  RunTime:0.358156s SQL = SHOW COLUMNS FROM ts_node
[ 2013-04-11T09:26:07+08:00 ] /trunk/index.php?app=admin&mod=Index | SQL:  RunTime:0.046359s SQL = SELECT * FROM `ts_node` WHERE pid=0 AND name != "PUBLIC" AND status=1 AND ismenu=1 ORDER BY sort
[ 2013-04-11T01:26:07+00:00 ] /trunk/index.php?app=admin&mod=Test | NOTIC: [2048] Declaration of XdataModel::save() should be compatible with that of Model::save() XdataModel.class.php ç¬¬ 0 è¡Œ.
[ 2013-04-11T01:26:07+00:00 ] /trunk/index.php?app=admin&mod=Test | NOTIC: [8] Undefined index: banip App.class.php ç¬¬ 493 è¡Œ.
[ 2013-04-11T01:26:07+00:00 ] /trunk/index.php?app=admin&mod=Index&act=getMenu&id=152& | NOTIC: [2048] Declaration of XdataModel::save() should be compatible with that of Model::save() XdataModel.class.php ç¬¬ 0 è¡Œ.
[ 2013-04-11T01:26:07+00:00 ] /trunk/index.php?app=admin&mod=Index&act=getMenu&id=152& | NOTIC: [8] Undefined index: banip App.class.php ç¬¬ 493 è¡Œ.
[ 2013-04-11T09:26:07+08:00 ] /trunk/index.php?app=admin&mod=Index&act=getMenu&id=152& | NOTIC: [8] Use of undefined constant GROUP_NAME - assumed 'GROUP_NAME' SystemPopedomService.class.php ç¬¬ 174 è¡Œ.
[ 2013-04-11T09:26:07+08:00 ] /trunk/index.php?app=admin&mod=Index&act=getMenu&id=152& | SQL:  RunTime:0.004180s SQL = SHOW COLUMNS FROM ts_node
[ 2013-04-11T09:26:07+08:00 ] /trunk/index.php?app=admin&mod=Index&act=getMenu&id=152& | SQL:  RunTime:0.000629s SQL = SELECT * FROM `ts_node` WHERE pid=152 AND name != "PUBLIC" AND status=1 AND ismenu=1 ORDER BY sort
[ 2013-04-11T09:26:07+08:00 ] /trunk/index.php?app=admin&mod=Index&act=getMenu&id=152& | SQL:  RunTime:0.008713s SQL = SELECT * FROM `ts_node` WHERE id=152 LIMIT 1 
[ 2013-04-11T09:26:07+08:00 ] /trunk/index.php?app=admin&mod=Index&act=getMenu&id=152& | NOTIC: [8] Undefined offset: 2 functions.php ç¬¬ 37 è¡Œ.
[ 2013-04-11T01:26:08+00:00 ] /trunk/index.php?app=Admin&mod=global&act=index | NOTIC: [2048] Declaration of XdataModel::save() should be compatible with that of Model::save() XdataModel.class.php ç¬¬ 0 è¡Œ.
[ 2013-04-11T01:26:08+00:00 ] /trunk/index.php?app=Admin&mod=global&act=index | NOTIC: [8] Undefined index: banip App.class.php ç¬¬ 493 è¡Œ.
[ 2013-04-11T09:26:08+08:00 ] /trunk/index.php?app=Admin&mod=global&act=index | NOTIC: [8] Use of undefined constant GROUP_NAME - assumed 'GROUP_NAME' SystemPopedomService.class.php ç¬¬ 174 è¡Œ.
[ 2013-04-11T09:26:08+08:00 ] /trunk/index.php?app=Admin&mod=global&act=index | NOTIC: [8] Undefined index: site_logo GlobalAction.class.php ç¬¬ 21 è¡Œ.
